{"/home/travis/build/npmtest/node-npmtest-re-base/test.js":{"path":"/home/travis/build/npmtest/node-npmtest-re-base/test.js","s":{"1":2,"2":2,"3":2,"4":2,"5":2,"6":2,"7":2,"8":1,"9":2,"10":2,"11":1,"12":1,"13":1,"14":1,"15":2,"16":2,"17":2,"18":2,"19":1,"20":1,"21":2,"22":2,"23":2,"24":1,"25":1,"26":1,"27":1,"28":1,"29":1,"30":1,"31":1,"32":1,"33":1,"34":1,"35":1,"36":1,"37":1,"38":1,"39":2,"40":2,"41":1,"42":2,"43":2,"44":1,"45":2,"46":2,"47":1,"48":2,"49":2,"50":1,"51":1,"52":1,"53":1,"54":1},"b":{"1":[2,1,1,1],"2":[1,1,1,1],"3":[1,1],"4":[1,1],"5":[1,1],"6":[1,1],"7":[1,1],"8":[1,1],"9":[1,1],"10":[1,1,1],"11":[1,1],"12":[1,1],"13":[1,1],"14":[1,1],"15":[1,1],"16":[1,1],"17":[1,1]},"f":{"1":2,"2":2,"3":2,"4":2,"5":2,"6":1,"7":1,"8":1,"9":2,"10":2,"11":2,"12":2,"13":1},"fnMap":{"1":{"name":"(anonymous_1)","line":12,"loc":{"start":{"line":12,"column":1},"end":{"line":12,"column":13}}},"2":{"name":"(anonymous_2)","line":19,"loc":{"start":{"line":19,"column":5},"end":{"line":19,"column":17}}},"3":{"name":"(anonymous_3)","line":23,"loc":{"start":{"line":23,"column":24},"end":{"line":23,"column":36}}},"4":{"name":"(anonymous_4)","line":61,"loc":{"start":{"line":61,"column":5},"end":{"line":61,"column":17}}},"5":{"name":"(anonymous_5)","line":82,"loc":{"start":{"line":82,"column":5},"end":{"line":82,"column":17}}},"6":{"name":"(anonymous_6)","line":91,"loc":{"start":{"line":91,"column":77},"end":{"line":94,"column":10}}},"7":{"name":"(anonymous_7)","line":112,"loc":{"start":{"line":112,"column":83},"end":{"line":115,"column":10}},"skip":true},"8":{"name":"(anonymous_8)","line":123,"loc":{"start":{"line":123,"column":77},"end":{"line":126,"column":10}},"skip":true},"9":{"name":"(anonymous_9)","line":139,"loc":{"start":{"line":139,"column":12},"end":{"line":139,"column":40}},"skip":true},"10":{"name":"(anonymous_10)","line":147,"loc":{"start":{"line":147,"column":77},"end":{"line":150,"column":10}},"skip":true},"11":{"name":"(anonymous_11)","line":158,"loc":{"start":{"line":158,"column":83},"end":{"line":161,"column":10}},"skip":true},"12":{"name":"(anonymous_12)","line":169,"loc":{"start":{"line":169,"column":79},"end":{"line":172,"column":10}},"skip":true},"13":{"name":"(anonymous_13)","line":180,"loc":{"start":{"line":180,"column":75},"end":{"line":183,"column":10}},"skip":true}},"statementMap":{"1":{"start":{"line":12,"column":0},"end":{"line":195,"column":5}},"2":{"start":{"line":14,"column":4},"end":{"line":14,"column":14}},"3":{"start":{"line":19,"column":4},"end":{"line":56,"column":9}},"4":{"start":{"line":21,"column":8},"end":{"line":21,"column":19}},"5":{"start":{"line":23,"column":8},"end":{"line":35,"column":13}},"6":{"start":{"line":24,"column":12},"end":{"line":34,"column":13}},"7":{"start":{"line":25,"column":16},"end":{"line":28,"column":30}},"8":{"start":{"line":30,"column":16},"end":{"line":33,"column":27}},"9":{"start":{"line":37,"column":8},"end":{"line":39,"column":21}},"10":{"start":{"line":40,"column":8},"end":{"line":53,"column":9}},"11":{"start":{"line":43,"column":12},"end":{"line":46,"column":14}},"12":{"start":{"line":47,"column":12},"end":{"line":47,"column":18}},"13":{"start":{"line":50,"column":12},"end":{"line":51,"column":46}},"14":{"start":{"line":52,"column":12},"end":{"line":52,"column":18}},"15":{"start":{"line":55,"column":8},"end":{"line":55,"column":35}},"16":{"start":{"line":61,"column":4},"end":{"line":63,"column":9}},"17":{"start":{"line":62,"column":8},"end":{"line":62,"column":15}},"18":{"start":{"line":64,"column":4},"end":{"line":77,"column":5}},"19":{"start":{"line":70,"column":8},"end":{"line":70,"column":14}},"20":{"start":{"line":76,"column":8},"end":{"line":76,"column":14}},"21":{"start":{"line":82,"column":4},"end":{"line":84,"column":9}},"22":{"start":{"line":83,"column":8},"end":{"line":83,"column":15}},"23":{"start":{"line":85,"column":4},"end":{"line":194,"column":5}},"24":{"start":{"line":91,"column":8},"end":{"line":99,"column":10}},"25":{"start":{"line":98,"column":12},"end":{"line":98,"column":35}},"26":{"start":{"line":102,"column":8},"end":{"line":104,"column":63}},"27":{"start":{"line":105,"column":8},"end":{"line":105,"column":14}},"28":{"start":{"line":112,"column":8},"end":{"line":121,"column":10},"skip":true},"29":{"start":{"line":119,"column":12},"end":{"line":119,"column":55},"skip":true},"30":{"start":{"line":120,"column":12},"end":{"line":120,"column":48},"skip":true},"31":{"start":{"line":123,"column":8},"end":{"line":136,"column":10},"skip":true},"32":{"start":{"line":130,"column":12},"end":{"line":130,"column":76},"skip":true},"33":{"start":{"line":131,"column":12},"end":{"line":131,"column":73},"skip":true},"34":{"start":{"line":132,"column":12},"end":{"line":132,"column":74},"skip":true},"35":{"start":{"line":133,"column":12},"end":{"line":133,"column":79},"skip":true},"36":{"start":{"line":134,"column":12},"end":{"line":134,"column":25},"skip":true},"37":{"start":{"line":135,"column":12},"end":{"line":135,"column":45},"skip":true},"38":{"start":{"line":138,"column":8},"end":{"line":145,"column":14},"skip":true},"39":{"start":{"line":143,"column":16},"end":{"line":143,"column":29},"skip":true},"40":{"start":{"line":144,"column":16},"end":{"line":144,"column":55},"skip":true},"41":{"start":{"line":147,"column":8},"end":{"line":156,"column":10},"skip":true},"42":{"start":{"line":154,"column":12},"end":{"line":154,"column":25},"skip":true},"43":{"start":{"line":155,"column":12},"end":{"line":155,"column":45},"skip":true},"44":{"start":{"line":158,"column":8},"end":{"line":167,"column":10},"skip":true},"45":{"start":{"line":165,"column":12},"end":{"line":165,"column":25},"skip":true},"46":{"start":{"line":166,"column":12},"end":{"line":166,"column":48},"skip":true},"47":{"start":{"line":169,"column":8},"end":{"line":178,"column":10},"skip":true},"48":{"start":{"line":176,"column":12},"end":{"line":176,"column":25},"skip":true},"49":{"start":{"line":177,"column":12},"end":{"line":177,"column":46},"skip":true},"50":{"start":{"line":180,"column":8},"end":{"line":189,"column":10},"skip":true},"51":{"start":{"line":187,"column":12},"end":{"line":187,"column":94},"skip":true},"52":{"start":{"line":188,"column":12},"end":{"line":188,"column":48},"skip":true},"53":{"start":{"line":192,"column":8},"end":{"line":192,"column":35},"skip":true},"54":{"start":{"line":193,"column":8},"end":{"line":193,"column":14},"skip":true}},"branchMap":{"1":{"line":25,"type":"binary-expr","locations":[{"start":{"line":25,"column":23},"end":{"line":25,"column":62}},{"start":{"line":26,"column":20},"end":{"line":26,"column":70}},{"start":{"line":27,"column":20},"end":{"line":27,"column":71}},{"start":{"line":28,"column":20},"end":{"line":28,"column":29}}]},"2":{"line":30,"type":"binary-expr","locations":[{"start":{"line":30,"column":23},"end":{"line":30,"column":37}},{"start":{"line":31,"column":20},"end":{"line":31,"column":61}},{"start":{"line":32,"column":20},"end":{"line":32,"column":70}},{"start":{"line":33,"column":20},"end":{"line":33,"column":26}}]},"3":{"line":37,"type":"cond-expr","locations":[{"start":{"line":38,"column":14},"end":{"line":38,"column":20}},{"start":{"line":39,"column":14},"end":{"line":39,"column":20}}]},"4":{"line":40,"type":"switch","locations":[{"start":{"line":42,"column":8},"end":{"line":47,"column":18}},{"start":{"line":49,"column":8},"end":{"line":52,"column":18}}]},"5":{"line":44,"type":"binary-expr","locations":[{"start":{"line":44,"column":16},"end":{"line":44,"column":44}},{"start":{"line":44,"column":48},"end":{"line":44,"column":66}}]},"6":{"line":50,"type":"binary-expr","locations":[{"start":{"line":50,"column":21},"end":{"line":50,"column":49}},{"start":{"line":50,"column":53},"end":{"line":50,"column":72}}]},"7":{"line":64,"type":"switch","locations":[{"start":{"line":69,"column":4},"end":{"line":70,"column":14}},{"start":{"line":75,"column":4},"end":{"line":76,"column":14}}]},"8":{"line":85,"type":"switch","locations":[{"start":{"line":90,"column":4},"end":{"line":105,"column":14}},{"start":{"line":111,"column":4},"end":{"line":193,"column":14},"skip":true}]},"9":{"line":91,"type":"binary-expr","locations":[{"start":{"line":91,"column":42},"end":{"line":91,"column":73}},{"start":{"line":91,"column":77},"end":{"line":99,"column":9}}]},"10":{"line":102,"type":"binary-expr","locations":[{"start":{"line":102,"column":18},"end":{"line":102,"column":32}},{"start":{"line":103,"column":12},"end":{"line":103,"column":53}},{"start":{"line":104,"column":12},"end":{"line":104,"column":61}}]},"11":{"line":112,"type":"binary-expr","locations":[{"start":{"line":112,"column":45},"end":{"line":112,"column":79},"skip":true},{"start":{"line":112,"column":83},"end":{"line":121,"column":9},"skip":true}]},"12":{"line":123,"type":"binary-expr","locations":[{"start":{"line":123,"column":42},"end":{"line":123,"column":73},"skip":true},{"start":{"line":123,"column":77},"end":{"line":136,"column":9},"skip":true}]},"13":{"line":138,"type":"binary-expr","locations":[{"start":{"line":138,"column":48},"end":{"line":138,"column":85},"skip":true},{"start":{"line":139,"column":12},"end":{"line":145,"column":13},"skip":true}]},"14":{"line":147,"type":"binary-expr","locations":[{"start":{"line":147,"column":42},"end":{"line":147,"column":73},"skip":true},{"start":{"line":147,"column":77},"end":{"line":156,"column":9},"skip":true}]},"15":{"line":158,"type":"binary-expr","locations":[{"start":{"line":158,"column":45},"end":{"line":158,"column":79},"skip":true},{"start":{"line":158,"column":83},"end":{"line":167,"column":9},"skip":true}]},"16":{"line":169,"type":"binary-expr","locations":[{"start":{"line":169,"column":43},"end":{"line":169,"column":75},"skip":true},{"start":{"line":169,"column":79},"end":{"line":178,"column":9},"skip":true}]},"17":{"line":180,"type":"binary-expr","locations":[{"start":{"line":180,"column":41},"end":{"line":180,"column":71},"skip":true},{"start":{"line":180,"column":75},"end":{"line":189,"column":9},"skip":true}]}},"code":["/* istanbul instrument in package npmtest_re_base */","/*jslint","    bitwise: true,","    browser: true,","    maxerr: 8,","    maxlen: 96,","    node: true,","    nomen: true,","    regexp: true,","    stupid: true","*/","(function () {","    'use strict';","    var local;","","","","    // run shared js-env code - pre-init","    (function () {","        // init local","        local = {};","        // init modeJs","        local.modeJs = (function () {","            try {","                return typeof navigator.userAgent === 'string' &&","                    typeof document.querySelector('body') === 'object' &&","                    typeof XMLHttpRequest.prototype.open === 'function' &&","                    'browser';","            } catch (errorCaughtBrowser) {","                return module.exports &&","                    typeof process.versions.node === 'string' &&","                    typeof require('http').createServer === 'function' &&","                    'node';","            }","        }());","        // init global","        local.global = local.modeJs === 'browser'","            ? window","            : global;","        switch (local.modeJs) {","        // re-init local from window.local","        case 'browser':","            local = local.global.utility2.objectSetDefault(","                local.global.utility2_rollup || local.global.local,","                local.global.utility2","            );","            break;","        // re-init local from example.js","        case 'node':","            local = (local.global.utility2_rollup || require('utility2'))","                .requireExampleJsFromReadme();","            break;","        }","        // export local","        local.global.local = local;","    }());","","","","    // run shared js-env code - function","    (function () {","        return;","    }());","    switch (local.modeJs) {","","","","    // run browser js-env code - function","    case 'browser':","        break;","","","","    // run node js-env code - function","    case 'node':","        break;","    }","","","","    // run shared js-env code - post-init","    (function () {","        return;","    }());","    switch (local.modeJs) {","","","","    // run browser js-env code - post-init","    case 'browser':","        local.testCase_browser_nullCase = local.testCase_browser_nullCase || function (","            options,","            onError","        ) {","        /*","         * this function will test browsers's null-case handling-behavior-behavior","         */","            onError(null, options);","        };","","        // run tests","        local.nop(local.modeTest &&","            document.querySelector('#testRunButton1') &&","            document.querySelector('#testRunButton1').click());","        break;","","","","    // run node js-env code - post-init","    /* istanbul ignore next */","    case 'node':","        local.testCase_buildApidoc_default = local.testCase_buildApidoc_default || function (","            options,","            onError","        ) {","        /*","         * this function will test buildApidoc's default handling-behavior-behavior","         */","            options = { modulePathList: module.paths };","            local.buildApidoc(options, onError);","        };","","        local.testCase_buildApp_default = local.testCase_buildApp_default || function (","            options,","            onError","        ) {","        /*","         * this function will test buildApp's default handling-behavior-behavior","         */","            local.testCase_buildReadme_default(options, local.onErrorThrow);","            local.testCase_buildLib_default(options, local.onErrorThrow);","            local.testCase_buildTest_default(options, local.onErrorThrow);","            local.testCase_buildCustomOrg_default(options, local.onErrorThrow);","            options = [];","            local.buildApp(options, onError);","        };","","        local.testCase_buildCustomOrg_default = local.testCase_buildCustomOrg_default ||","            function (options, onError) {","            /*","             * this function will test buildCustomOrg's default handling-behavior","             */","                options = {};","                local.buildCustomOrg(options, onError);","            };","","        local.testCase_buildLib_default = local.testCase_buildLib_default || function (","            options,","            onError","        ) {","        /*","         * this function will test buildLib's default handling-behavior","         */","            options = {};","            local.buildLib(options, onError);","        };","","        local.testCase_buildReadme_default = local.testCase_buildReadme_default || function (","            options,","            onError","        ) {","        /*","         * this function will test buildReadme's default handling-behavior-behavior","         */","            options = {};","            local.buildReadme(options, onError);","        };","","        local.testCase_buildTest_default = local.testCase_buildTest_default || function (","            options,","            onError","        ) {","        /*","         * this function will test buildTest's default handling-behavior","         */","            options = {};","            local.buildTest(options, onError);","        };","","        local.testCase_webpage_default = local.testCase_webpage_default || function (","            options,","            onError","        ) {","        /*","         * this function will test webpage's default handling-behavior","         */","            options = { modeCoverageMerge: true, url: local.serverLocalHost + '?modeTest=1' };","            local.browserTest(options, onError);","        };","","        // run test-server","        local.testRunServer(local);","        break;","    }","}());",""],"l":{"12":2,"14":2,"19":2,"21":2,"23":2,"24":2,"25":2,"30":1,"37":2,"40":2,"43":1,"47":1,"50":1,"52":1,"55":2,"61":2,"62":2,"64":2,"70":1,"76":1,"82":2,"83":2,"85":2,"91":1,"98":1,"102":1,"105":1,"112":1,"119":1,"120":1,"123":1,"130":1,"131":1,"132":1,"133":1,"134":1,"135":1,"138":1,"143":2,"144":2,"147":1,"154":2,"155":2,"158":1,"165":2,"166":2,"169":1,"176":2,"177":2,"180":1,"187":1,"188":1,"192":1,"193":1}},"/home/travis/build/npmtest/node-npmtest-re-base/lib.npmtest_re_base.js":{"path":"/home/travis/build/npmtest/node-npmtest-re-base/lib.npmtest_re_base.js","s":{"1":2,"2":2,"3":2,"4":2,"5":2,"6":2,"7":2,"8":1,"9":2,"10":2,"11":2,"12":2,"13":1,"14":1,"15":1,"16":1},"b":{"1":[2,1,1,1],"2":[1,1,1,1],"3":[1,1],"4":[2,2],"5":[1,1]},"f":{"1":2,"2":2,"3":2},"fnMap":{"1":{"name":"(anonymous_1)","line":12,"loc":{"start":{"line":12,"column":1},"end":{"line":12,"column":13}}},"2":{"name":"(anonymous_2)","line":19,"loc":{"start":{"line":19,"column":5},"end":{"line":19,"column":17}}},"3":{"name":"(anonymous_3)","line":23,"loc":{"start":{"line":23,"column":24},"end":{"line":23,"column":36}}}},"statementMap":{"1":{"start":{"line":12,"column":0},"end":{"line":53,"column":5}},"2":{"start":{"line":14,"column":4},"end":{"line":14,"column":14}},"3":{"start":{"line":19,"column":4},"end":{"line":52,"column":9}},"4":{"start":{"line":21,"column":8},"end":{"line":21,"column":19}},"5":{"start":{"line":23,"column":8},"end":{"line":35,"column":13}},"6":{"start":{"line":24,"column":12},"end":{"line":34,"column":13}},"7":{"start":{"line":25,"column":16},"end":{"line":28,"column":30}},"8":{"start":{"line":30,"column":16},"end":{"line":33,"column":27}},"9":{"start":{"line":37,"column":8},"end":{"line":39,"column":21}},"10":{"start":{"line":41,"column":8},"end":{"line":41,"column":54}},"11":{"start":{"line":43,"column":8},"end":{"line":43,"column":52}},"12":{"start":{"line":45,"column":8},"end":{"line":51,"column":9}},"13":{"start":{"line":46,"column":12},"end":{"line":46,"column":58}},"14":{"start":{"line":48,"column":12},"end":{"line":48,"column":35}},"15":{"start":{"line":49,"column":12},"end":{"line":49,"column":49}},"16":{"start":{"line":50,"column":12},"end":{"line":50,"column":43}}},"branchMap":{"1":{"line":25,"type":"binary-expr","locations":[{"start":{"line":25,"column":23},"end":{"line":25,"column":62}},{"start":{"line":26,"column":20},"end":{"line":26,"column":70}},{"start":{"line":27,"column":20},"end":{"line":27,"column":71}},{"start":{"line":28,"column":20},"end":{"line":28,"column":29}}]},"2":{"line":30,"type":"binary-expr","locations":[{"start":{"line":30,"column":23},"end":{"line":30,"column":37}},{"start":{"line":31,"column":20},"end":{"line":31,"column":61}},{"start":{"line":32,"column":20},"end":{"line":32,"column":70}},{"start":{"line":33,"column":20},"end":{"line":33,"column":26}}]},"3":{"line":37,"type":"cond-expr","locations":[{"start":{"line":38,"column":14},"end":{"line":38,"column":20}},{"start":{"line":39,"column":14},"end":{"line":39,"column":20}}]},"4":{"line":41,"type":"binary-expr","locations":[{"start":{"line":41,"column":16},"end":{"line":41,"column":44}},{"start":{"line":41,"column":48},"end":{"line":41,"column":53}}]},"5":{"line":45,"type":"if","locations":[{"start":{"line":45,"column":8},"end":{"line":45,"column":8}},{"start":{"line":45,"column":8},"end":{"line":45,"column":8}}]}},"code":["/* istanbul instrument in package npmtest_re_base */","/*jslint","    bitwise: true,","    browser: true,","    maxerr: 8,","    maxlen: 96,","    node: true,","    nomen: true,","    regexp: true,","    stupid: true","*/","(function () {","    'use strict';","    var local;","","","","    // run shared js-env code - pre-init","    (function () {","        // init local","        local = {};","        // init modeJs","        local.modeJs = (function () {","            try {","                return typeof navigator.userAgent === 'string' &&","                    typeof document.querySelector('body') === 'object' &&","                    typeof XMLHttpRequest.prototype.open === 'function' &&","                    'browser';","            } catch (errorCaughtBrowser) {","                return module.exports &&","                    typeof process.versions.node === 'string' &&","                    typeof require('http').createServer === 'function' &&","                    'node';","            }","        }());","        // init global","        local.global = local.modeJs === 'browser'","            ? window","            : global;","        // init utility2_rollup","        local = local.global.utility2_rollup || local;","        // init lib","        local.local = local.npmtest_re_base = local;","        // init exports","        if (local.modeJs === 'browser') {","            local.global.utility2_npmtest_re_base = local;","        } else {","            module.exports = local;","            module.exports.__dirname = __dirname;","            module.exports.module = module;","        }","    }());","}());",""],"l":{"12":2,"14":2,"19":2,"21":2,"23":2,"24":2,"25":2,"30":1,"37":2,"41":2,"43":2,"45":2,"46":1,"48":1,"49":1,"50":1}},"/home/travis/build/npmtest/node-npmtest-re-base/example.js":{"path":"/home/travis/build/npmtest/node-npmtest-re-base/example.js","s":{"1":2,"2":2,"3":2,"4":2,"5":2,"6":2,"7":2,"8":1,"9":2,"10":2,"11":2,"12":2,"13":1,"14":2,"15":2,"16":2,"17":2,"18":2,"19":0,"20":2,"21":1,"22":1,"23":1,"24":1,"25":1,"26":0,"27":0,"28":1,"29":1,"30":2,"31":0,"32":0,"33":0,"34":1,"35":2,"36":2,"37":3,"38":3,"39":3,"40":3,"41":0,"42":3,"43":3,"44":3,"45":1,"46":3,"47":1,"48":1,"49":1,"50":1,"51":1,"52":1,"53":1,"54":1,"55":1,"56":1,"57":0,"58":1,"59":6,"60":6,"61":1,"62":2,"63":0,"64":2,"65":1,"66":1,"67":0,"68":0,"69":0,"70":0,"71":0,"72":0,"73":0,"74":0,"75":0,"76":0,"77":0,"78":0,"79":0,"80":0,"81":0,"82":0,"83":0},"b":{"1":[2,1,1,1],"2":[1,1,1,1],"3":[1,1],"4":[2,2],"5":[1,1],"6":[1,1],"7":[2,0],"8":[2,1,1,1,1,1],"9":[0,2,0],"10":[1,1],"11":[2,1,1],"12":[1,0],"13":[0,2],"14":[2,0,0,0,0,0,0],"15":[0,3],"16":[3,0],"17":[1,1],"18":[0,1],"19":[1,2,0,2],"20":[1,0],"21":[1,1],"22":[0,0],"23":[0,0],"24":[0,0],"25":[0,0],"26":[0,0],"27":[0,0],"28":[0,0]},"f":{"1":2,"2":2,"3":2,"4":2,"5":2,"6":2,"7":3,"8":3,"9":3,"10":1,"11":6,"12":0},"fnMap":{"1":{"name":"(anonymous_1)","line":26,"loc":{"start":{"line":26,"column":1},"end":{"line":26,"column":13}}},"2":{"name":"(anonymous_2)","line":33,"loc":{"start":{"line":33,"column":5},"end":{"line":33,"column":17}}},"3":{"name":"(anonymous_3)","line":37,"loc":{"start":{"line":37,"column":24},"end":{"line":37,"column":36}}},"4":{"name":"(anonymous_4)","line":69,"loc":{"start":{"line":69,"column":31},"end":{"line":69,"column":48}},"skip":true},"5":{"name":"(anonymous_5)","line":78,"loc":{"start":{"line":78,"column":26},"end":{"line":78,"column":45}},"skip":true},"6":{"name":"(anonymous_6)","line":123,"loc":{"start":{"line":123,"column":33},"end":{"line":123,"column":48}},"skip":true},"7":{"name":"(anonymous_7)","line":125,"loc":{"start":{"line":125,"column":27},"end":{"line":125,"column":39}},"skip":true},"8":{"name":"(anonymous_8)","line":133,"loc":{"start":{"line":133,"column":59},"end":{"line":133,"column":74}},"skip":true},"9":{"name":"(anonymous_9)","line":143,"loc":{"start":{"line":143,"column":45},"end":{"line":143,"column":62}},"skip":true},"10":{"name":"(anonymous_10)","line":144,"loc":{"start":{"line":144,"column":73},"end":{"line":144,"column":92}},"skip":true},"11":{"name":"(anonymous_11)","line":272,"loc":{"start":{"line":272,"column":51},"end":{"line":272,"column":77}},"skip":true},"12":{"name":"(anonymous_12)","line":315,"loc":{"start":{"line":315,"column":32},"end":{"line":315,"column":61}},"skip":true}},"statementMap":{"1":{"start":{"line":26,"column":0},"end":{"line":326,"column":5}},"2":{"start":{"line":28,"column":4},"end":{"line":28,"column":14}},"3":{"start":{"line":33,"column":4},"end":{"line":60,"column":9}},"4":{"start":{"line":35,"column":8},"end":{"line":35,"column":19}},"5":{"start":{"line":37,"column":8},"end":{"line":49,"column":13}},"6":{"start":{"line":38,"column":12},"end":{"line":48,"column":13}},"7":{"start":{"line":39,"column":16},"end":{"line":42,"column":30}},"8":{"start":{"line":44,"column":16},"end":{"line":47,"column":27}},"9":{"start":{"line":51,"column":8},"end":{"line":53,"column":21}},"10":{"start":{"line":55,"column":8},"end":{"line":57,"column":45}},"11":{"start":{"line":59,"column":8},"end":{"line":59,"column":35}},"12":{"start":{"line":61,"column":4},"end":{"line":325,"column":5}},"13":{"start":{"line":69,"column":8},"end":{"line":121,"column":10},"skip":true},"14":{"start":{"line":70,"column":12},"end":{"line":88,"column":13},"skip":true},"15":{"start":{"line":76,"column":16},"end":{"line":87,"column":19},"skip":true},"16":{"start":{"line":79,"column":20},"end":{"line":86,"column":21},"skip":true},"17":{"start":{"line":82,"column":24},"end":{"line":82,"column":43},"skip":true},"18":{"start":{"line":83,"column":24},"end":{"line":83,"column":30},"skip":true},"19":{"start":{"line":85,"column":24},"end":{"line":85,"column":49},"skip":true},"20":{"start":{"line":89,"column":12},"end":{"line":107,"column":13},"skip":true},"21":{"start":{"line":92,"column":16},"end":{"line":102,"column":17},"skip":true},"22":{"start":{"line":93,"column":20},"end":{"line":93,"column":86},"skip":true},"23":{"start":{"line":94,"column":20},"end":{"line":95,"column":45},"skip":true},"24":{"start":{"line":96,"column":20},"end":{"line":96,"column":42},"skip":true},"25":{"start":{"line":97,"column":20},"end":{"line":97,"column":48},"skip":true},"26":{"start":{"line":100,"column":20},"end":{"line":100,"column":85},"skip":true},"27":{"start":{"line":101,"column":20},"end":{"line":101,"column":96},"skip":true},"28":{"start":{"line":103,"column":16},"end":{"line":103,"column":22},"skip":true},"29":{"start":{"line":106,"column":16},"end":{"line":106,"column":22},"skip":true},"30":{"start":{"line":108,"column":12},"end":{"line":120,"column":13},"skip":true},"31":{"start":{"line":114,"column":16},"end":{"line":119,"column":17},"skip":true},"32":{"start":{"line":116,"column":20},"end":{"line":116,"column":78},"skip":true},"33":{"start":{"line":118,"column":20},"end":{"line":118,"column":47},"skip":true},"34":{"start":{"line":123,"column":8},"end":{"line":141,"column":11},"skip":true},"35":{"start":{"line":124,"column":12},"end":{"line":124,"column":54},"skip":true},"36":{"start":{"line":125,"column":12},"end":{"line":140,"column":14},"skip":true},"37":{"start":{"line":126,"column":16},"end":{"line":126,"column":28},"skip":true},"38":{"start":{"line":127,"column":16},"end":{"line":127,"column":69},"skip":true},"39":{"start":{"line":128,"column":16},"end":{"line":128,"column":75},"skip":true},"40":{"start":{"line":129,"column":16},"end":{"line":131,"column":17},"skip":true},"41":{"start":{"line":130,"column":20},"end":{"line":130,"column":27},"skip":true},"42":{"start":{"line":133,"column":16},"end":{"line":137,"column":36},"skip":true},"43":{"start":{"line":134,"column":20},"end":{"line":136,"column":55},"skip":true},"44":{"start":{"line":139,"column":16},"end":{"line":139,"column":57},"skip":true},"45":{"start":{"line":143,"column":8},"end":{"line":147,"column":11},"skip":true},"46":{"start":{"line":144,"column":12},"end":{"line":146,"column":15},"skip":true},"47":{"start":{"line":145,"column":16},"end":{"line":145,"column":70},"skip":true},"48":{"start":{"line":149,"column":8},"end":{"line":149,"column":31},"skip":true},"49":{"start":{"line":150,"column":8},"end":{"line":150,"column":14},"skip":true},"50":{"start":{"line":158,"column":8},"end":{"line":158,"column":31},"skip":true},"51":{"start":{"line":160,"column":8},"end":{"line":160,"column":33},"skip":true},"52":{"start":{"line":161,"column":8},"end":{"line":161,"column":37},"skip":true},"53":{"start":{"line":162,"column":8},"end":{"line":162,"column":35},"skip":true},"54":{"start":{"line":164,"column":8},"end":{"line":164,"column":50},"skip":true},"55":{"start":{"line":166,"column":8},"end":{"line":256,"column":2},"skip":true},"56":{"start":{"line":258,"column":8},"end":{"line":286,"column":9},"skip":true},"57":{"start":{"line":259,"column":12},"end":{"line":269,"column":14},"skip":true},"58":{"start":{"line":271,"column":12},"end":{"line":285,"column":19},"skip":true},"59":{"start":{"line":274,"column":20},"end":{"line":274,"column":35},"skip":true},"60":{"start":{"line":275,"column":20},"end":{"line":284,"column":21},"skip":true},"61":{"start":{"line":277,"column":24},"end":{"line":277,"column":64},"skip":true},"62":{"start":{"line":279,"column":24},"end":{"line":279,"column":40},"skip":true},"63":{"start":{"line":281,"column":24},"end":{"line":281,"column":40},"skip":true},"64":{"start":{"line":283,"column":24},"end":{"line":283,"column":39},"skip":true},"65":{"start":{"line":288,"column":8},"end":{"line":290,"column":9},"skip":true},"66":{"start":{"line":289,"column":12},"end":{"line":289,"column":18},"skip":true},"67":{"start":{"line":291,"column":8},"end":{"line":293,"column":54},"skip":true},"68":{"start":{"line":296,"column":8},"end":{"line":301,"column":37},"skip":true},"69":{"start":{"line":303,"column":8},"end":{"line":303,"column":82},"skip":true},"70":{"start":{"line":306,"column":8},"end":{"line":308,"column":9},"skip":true},"71":{"start":{"line":307,"column":12},"end":{"line":307,"column":82},"skip":true},"72":{"start":{"line":310,"column":8},"end":{"line":312,"column":9},"skip":true},"73":{"start":{"line":311,"column":12},"end":{"line":311,"column":18},"skip":true},"74":{"start":{"line":313,"column":8},"end":{"line":313,"column":54},"skip":true},"75":{"start":{"line":314,"column":8},"end":{"line":314,"column":69},"skip":true},"76":{"start":{"line":315,"column":8},"end":{"line":323,"column":36},"skip":true},"77":{"start":{"line":316,"column":12},"end":{"line":316,"column":61},"skip":true},"78":{"start":{"line":317,"column":12},"end":{"line":320,"column":13},"skip":true},"79":{"start":{"line":318,"column":16},"end":{"line":318,"column":75},"skip":true},"80":{"start":{"line":319,"column":16},"end":{"line":319,"column":23},"skip":true},"81":{"start":{"line":321,"column":12},"end":{"line":321,"column":38},"skip":true},"82":{"start":{"line":322,"column":12},"end":{"line":322,"column":27},"skip":true},"83":{"start":{"line":324,"column":8},"end":{"line":324,"column":14},"skip":true}},"branchMap":{"1":{"line":39,"type":"binary-expr","locations":[{"start":{"line":39,"column":23},"end":{"line":39,"column":62}},{"start":{"line":40,"column":20},"end":{"line":40,"column":70}},{"start":{"line":41,"column":20},"end":{"line":41,"column":71}},{"start":{"line":42,"column":20},"end":{"line":42,"column":29}}]},"2":{"line":44,"type":"binary-expr","locations":[{"start":{"line":44,"column":23},"end":{"line":44,"column":37}},{"start":{"line":45,"column":20},"end":{"line":45,"column":61}},{"start":{"line":46,"column":20},"end":{"line":46,"column":70}},{"start":{"line":47,"column":20},"end":{"line":47,"column":26}}]},"3":{"line":51,"type":"cond-expr","locations":[{"start":{"line":52,"column":14},"end":{"line":52,"column":20}},{"start":{"line":53,"column":14},"end":{"line":53,"column":20}}]},"4":{"line":55,"type":"binary-expr","locations":[{"start":{"line":55,"column":16},"end":{"line":55,"column":44}},{"start":{"line":55,"column":49},"end":{"line":57,"column":43}}]},"5":{"line":55,"type":"cond-expr","locations":[{"start":{"line":56,"column":14},"end":{"line":56,"column":51}},{"start":{"line":57,"column":14},"end":{"line":57,"column":43}}]},"6":{"line":61,"type":"switch","locations":[{"start":{"line":68,"column":4},"end":{"line":150,"column":14},"skip":true},{"start":{"line":156,"column":4},"end":{"line":324,"column":14},"skip":true}]},"7":{"line":70,"type":"if","locations":[{"start":{"line":70,"column":12},"end":{"line":70,"column":12},"skip":true},{"start":{"line":70,"column":12},"end":{"line":70,"column":12},"skip":true}]},"8":{"line":70,"type":"binary-expr","locations":[{"start":{"line":70,"column":16},"end":{"line":70,"column":22},"skip":true},{"start":{"line":70,"column":27},"end":{"line":70,"column":32},"skip":true},{"start":{"line":71,"column":20},"end":{"line":71,"column":39},"skip":true},{"start":{"line":72,"column":20},"end":{"line":72,"column":49},"skip":true},{"start":{"line":73,"column":20},"end":{"line":73,"column":58},"skip":true},{"start":{"line":74,"column":20},"end":{"line":74,"column":69},"skip":true}]},"9":{"line":79,"type":"switch","locations":[{"start":{"line":80,"column":20},"end":{"line":80,"column":33},"skip":true},{"start":{"line":81,"column":20},"end":{"line":83,"column":30},"skip":true},{"start":{"line":84,"column":20},"end":{"line":85,"column":49},"skip":true}]},"10":{"line":89,"type":"switch","locations":[{"start":{"line":90,"column":12},"end":{"line":103,"column":22},"skip":true},{"start":{"line":105,"column":12},"end":{"line":106,"column":22},"skip":true}]},"11":{"line":89,"type":"binary-expr","locations":[{"start":{"line":89,"column":20},"end":{"line":89,"column":25},"skip":true},{"start":{"line":89,"column":29},"end":{"line":89,"column":48},"skip":true},{"start":{"line":89,"column":52},"end":{"line":89,"column":74},"skip":true}]},"12":{"line":92,"type":"if","locations":[{"start":{"line":92,"column":16},"end":{"line":92,"column":16},"skip":true},{"start":{"line":92,"column":16},"end":{"line":92,"column":16},"skip":true}]},"13":{"line":108,"type":"if","locations":[{"start":{"line":108,"column":12},"end":{"line":108,"column":12},"skip":true},{"start":{"line":108,"column":12},"end":{"line":108,"column":12},"skip":true}]},"14":{"line":108,"type":"binary-expr","locations":[{"start":{"line":108,"column":16},"end":{"line":108,"column":61},"skip":true},{"start":{"line":108,"column":66},"end":{"line":108,"column":72},"skip":true},{"start":{"line":108,"column":77},"end":{"line":108,"column":82},"skip":true},{"start":{"line":109,"column":20},"end":{"line":109,"column":39},"skip":true},{"start":{"line":110,"column":20},"end":{"line":110,"column":49},"skip":true},{"start":{"line":111,"column":20},"end":{"line":111,"column":58},"skip":true},{"start":{"line":112,"column":20},"end":{"line":112,"column":68},"skip":true}]},"15":{"line":129,"type":"if","locations":[{"start":{"line":129,"column":16},"end":{"line":129,"column":16},"skip":true},{"start":{"line":129,"column":16},"end":{"line":129,"column":16},"skip":true}]},"16":{"line":134,"type":"cond-expr","locations":[{"start":{"line":135,"column":26},"end":{"line":135,"column":29},"skip":true},{"start":{"line":136,"column":26},"end":{"line":136,"column":54},"skip":true}]},"17":{"line":164,"type":"binary-expr","locations":[{"start":{"line":164,"column":27},"end":{"line":164,"column":43},"skip":true},{"start":{"line":164,"column":47},"end":{"line":164,"column":49},"skip":true}]},"18":{"line":258,"type":"if","locations":[{"start":{"line":258,"column":8},"end":{"line":258,"column":8},"skip":true},{"start":{"line":258,"column":8},"end":{"line":258,"column":8},"skip":true}]},"19":{"line":275,"type":"switch","locations":[{"start":{"line":276,"column":20},"end":{"line":277,"column":64},"skip":true},{"start":{"line":278,"column":20},"end":{"line":279,"column":40},"skip":true},{"start":{"line":280,"column":20},"end":{"line":281,"column":40},"skip":true},{"start":{"line":282,"column":20},"end":{"line":283,"column":39},"skip":true}]},"20":{"line":288,"type":"if","locations":[{"start":{"line":288,"column":8},"end":{"line":288,"column":8},"skip":true},{"start":{"line":288,"column":8},"end":{"line":288,"column":8},"skip":true}]},"21":{"line":288,"type":"binary-expr","locations":[{"start":{"line":288,"column":12},"end":{"line":288,"column":40},"skip":true},{"start":{"line":288,"column":44},"end":{"line":288,"column":67},"skip":true}]},"22":{"line":292,"type":"binary-expr","locations":[{"start":{"line":292,"column":12},"end":{"line":292,"column":50},"skip":true},{"start":{"line":293,"column":12},"end":{"line":293,"column":53},"skip":true}]},"23":{"line":297,"type":"binary-expr","locations":[{"start":{"line":297,"column":12},"end":{"line":297,"column":65},"skip":true},{"start":{"line":298,"column":12},"end":{"line":301,"column":36},"skip":true}]},"24":{"line":303,"type":"binary-expr","locations":[{"start":{"line":303,"column":43},"end":{"line":303,"column":75},"skip":true},{"start":{"line":303,"column":79},"end":{"line":303,"column":81},"skip":true}]},"25":{"line":306,"type":"if","locations":[{"start":{"line":306,"column":8},"end":{"line":306,"column":8},"skip":true},{"start":{"line":306,"column":8},"end":{"line":306,"column":8},"skip":true}]},"26":{"line":310,"type":"if","locations":[{"start":{"line":310,"column":8},"end":{"line":310,"column":8},"skip":true},{"start":{"line":310,"column":8},"end":{"line":310,"column":8},"skip":true}]},"27":{"line":313,"type":"binary-expr","locations":[{"start":{"line":313,"column":27},"end":{"line":313,"column":43},"skip":true},{"start":{"line":313,"column":47},"end":{"line":313,"column":53},"skip":true}]},"28":{"line":317,"type":"if","locations":[{"start":{"line":317,"column":12},"end":{"line":317,"column":12},"skip":true},{"start":{"line":317,"column":12},"end":{"line":317,"column":12},"skip":true}]}},"code":["/*","example.js","","quickstart example","","instruction","    1. save this script as example.js","    2. run the shell command:","        $ npm install npmtest-re-base && PORT=8081 node example.js","    3. play with the browser-demo on http://127.0.0.1:8081","*/","","","","/* istanbul instrument in package npmtest_re_base */","/*jslint","    bitwise: true,","    browser: true,","    maxerr: 8,","    maxlen: 96,","    node: true,","    nomen: true,","    regexp: true,","    stupid: true","*/","(function () {","    'use strict';","    var local;","","","","    // run shared js-env code - pre-init","    (function () {","        // init local","        local = {};","        // init modeJs","        local.modeJs = (function () {","            try {","                return typeof navigator.userAgent === 'string' &&","                    typeof document.querySelector('body') === 'object' &&","                    typeof XMLHttpRequest.prototype.open === 'function' &&","                    'browser';","            } catch (errorCaughtBrowser) {","                return module.exports &&","                    typeof process.versions.node === 'string' &&","                    typeof require('http').createServer === 'function' &&","                    'node';","            }","        }());","        // init global","        local.global = local.modeJs === 'browser'","            ? window","            : global;","        // init utility2_rollup","        local = local.global.utility2_rollup || (local.modeJs === 'browser'","            ? local.global.utility2_npmtest_re_base","            : global.utility2_moduleExports);","        // export local","        local.global.local = local;","    }());","    switch (local.modeJs) {","","","","    // post-init","    // run browser js-env code - post-init","    /* istanbul ignore next */","    case 'browser':","        local.testRunBrowser = function (event) {","            if (!event || (event &&","                    event.currentTarget &&","                    event.currentTarget.className &&","                    event.currentTarget.className.includes &&","                    event.currentTarget.className.includes('onreset'))) {","                // reset output","                Array.from(","                    document.querySelectorAll('body > .resettable')","                ).forEach(function (element) {","                    switch (element.tagName) {","                    case 'INPUT':","                    case 'TEXTAREA':","                        element.value = '';","                        break;","                    default:","                        element.textContent = '';","                    }","                });","            }","            switch (event && event.currentTarget && event.currentTarget.id) {","            case 'testRunButton1':","                // show tests","                if (document.querySelector('#testReportDiv1').style.display === 'none') {","                    document.querySelector('#testReportDiv1').style.display = 'block';","                    document.querySelector('#testRunButton1').textContent =","                        'hide internal test';","                    local.modeTest = true;","                    local.testRunDefault(local);","                // hide tests","                } else {","                    document.querySelector('#testReportDiv1').style.display = 'none';","                    document.querySelector('#testRunButton1').textContent = 'run internal test';","                }","                break;","            // custom-case","            default:","                break;","            }","            if (document.querySelector('#inputTextareaEval1') && (!event || (event &&","                    event.currentTarget &&","                    event.currentTarget.className &&","                    event.currentTarget.className.includes &&","                    event.currentTarget.className.includes('oneval')))) {","                // try to eval input-code","                try {","                    /*jslint evil: true*/","                    eval(document.querySelector('#inputTextareaEval1').value);","                } catch (errorCaught) {","                    console.error(errorCaught);","                }","            }","        };","        // log stderr and stdout to #outputTextareaStdout1","        ['error', 'log'].forEach(function (key) {","            console[key + '_original'] = console[key];","            console[key] = function () {","                var element;","                console[key + '_original'].apply(console, arguments);","                element = document.querySelector('#outputTextareaStdout1');","                if (!element) {","                    return;","                }","                // append text to #outputTextareaStdout1","                element.value += Array.from(arguments).map(function (arg) {","                    return typeof arg === 'string'","                        ? arg","                        : JSON.stringify(arg, null, 4);","                }).join(' ') + '\\n';","                // scroll textarea to bottom","                element.scrollTop = element.scrollHeight;","            };","        });","        // init event-handling","        ['change', 'click', 'keyup'].forEach(function (event) {","            Array.from(document.querySelectorAll('.on' + event)).forEach(function (element) {","                element.addEventListener(event, local.testRunBrowser);","            });","        });","        // run tests","        local.testRunBrowser();","        break;","","","","    // run node js-env code - post-init","    /* istanbul ignore next */","    case 'node':","        // export local","        module.exports = local;","        // require modules","        local.fs = require('fs');","        local.http = require('http');","        local.url = require('url');","        // init assets","        local.assetsDict = local.assetsDict || {};","        /* jslint-ignore-begin */","        local.assetsDict['/assets.index.template.html'] = '\\","<!doctype html>\\n\\","<html lang=\"en\">\\n\\","<head>\\n\\","<meta charset=\"UTF-8\">\\n\\","<meta name=\"viewport\" content=\"width=device-width, initial-scale=1\">\\n\\","<title>{{env.npm_package_name}} (v{{env.npm_package_version}})</title>\\n\\","<style>\\n\\","/*csslint\\n\\","    box-sizing: false,\\n\\","    universal-selector: false\\n\\","*/\\n\\","* {\\n\\","    box-sizing: border-box;\\n\\","}\\n\\","body {\\n\\","    background: #dde;\\n\\","    font-family: Arial, Helvetica, sans-serif;\\n\\","    margin: 2rem;\\n\\","}\\n\\","body > * {\\n\\","    margin-bottom: 1rem;\\n\\","}\\n\\",".utility2FooterDiv {\\n\\","    margin-top: 20px;\\n\\","    text-align: center;\\n\\","}\\n\\","</style>\\n\\","<style>\\n\\","/*csslint\\n\\","*/\\n\\","textarea {\\n\\","    font-family: monospace;\\n\\","    height: 10rem;\\n\\","    width: 100%;\\n\\","}\\n\\","textarea[readonly] {\\n\\","    background: #ddd;\\n\\","}\\n\\","</style>\\n\\","</head>\\n\\","<body>\\n\\","<!-- utility2-comment\\n\\","<div id=\"ajaxProgressDiv1\" style=\"background: #d00; height: 2px; left: 0; margin: 0; padding: 0; position: fixed; top: 0; transition: background 0.5s, width 1.5s; width: 25%;\"></div>\\n\\","utility2-comment -->\\n\\","<h1>\\n\\","<!-- utility2-comment\\n\\","    <a\\n\\","        {{#if env.npm_package_homepage}}\\n\\","        href=\"{{env.npm_package_homepage}}\"\\n\\","        {{/if env.npm_package_homepage}}\\n\\","        target=\"_blank\"\\n\\","    >\\n\\","utility2-comment -->\\n\\","        {{env.npm_package_name}} (v{{env.npm_package_version}})\\n\\","<!-- utility2-comment\\n\\","    </a>\\n\\","utility2-comment -->\\n\\","</h1>\\n\\","<h3>{{env.npm_package_description}}</h3>\\n\\","<!-- utility2-comment\\n\\","<h4><a download href=\"assets.app.js\">download standalone app</a></h4>\\n\\","<button class=\"onclick onreset\" id=\"testRunButton1\">run internal test</button><br>\\n\\","<div id=\"testReportDiv1\" style=\"display: none;\"></div>\\n\\","utility2-comment -->\\n\\","\\n\\","\\n\\","\\n\\","<label>stderr and stdout</label>\\n\\","<textarea class=\"resettable\" id=\"outputTextareaStdout1\" readonly></textarea>\\n\\","<!-- utility2-comment\\n\\","{{#if isRollup}}\\n\\","<script src=\"assets.app.js\"></script>\\n\\","{{#unless isRollup}}\\n\\","utility2-comment -->\\n\\","<script src=\"assets.utility2.rollup.js\"></script>\\n\\","<script src=\"jsonp.utility2._stateInit?callback=window.utility2._stateInit\"></script>\\n\\","<script src=\"assets.npmtest_re_base.rollup.js\"></script>\\n\\","<script src=\"assets.example.js\"></script>\\n\\","<script src=\"assets.test.js\"></script>\\n\\","<!-- utility2-comment\\n\\","{{/if isRollup}}\\n\\","utility2-comment -->\\n\\","<div class=\"utility2FooterDiv\">\\n\\","    [ this app was created with\\n\\","    <a href=\"https://github.com/kaizhu256/node-utility2\" target=\"_blank\">utility2</a>\\n\\","    ]\\n\\","</div>\\n\\","</body>\\n\\","</html>\\n\\","';","        /* jslint-ignore-end */","        if (local.templateRender) {","            local.assetsDict['/'] = local.templateRender(","                local.assetsDict['/assets.index.template.html'],","                {","                    env: local.objectSetDefault(local.env, {","                        npm_package_description: 'the greatest app in the world!',","                        npm_package_name: 'my-app',","                        npm_package_nameAlias: 'my_app',","                        npm_package_version: '0.0.1'","                    })","                }","            );","        } else {","            local.assetsDict['/'] = local.assetsDict['/assets.index.template.html']","                .replace((/\\{\\{env\\.(\\w+?)\\}\\}/g), function (match0, match1) {","                    // jslint-hack","                    String(match0);","                    switch (match1) {","                    case 'npm_package_description':","                        return 'the greatest app in the world!';","                    case 'npm_package_name':","                        return 'my-app';","                    case 'npm_package_nameAlias':","                        return 'my_app';","                    case 'npm_package_version':","                        return '0.0.1';","                    }","                });","        }","        // run the cli","        if (local.global.utility2_rollup || module !== require.main) {","            break;","        }","        local.assetsDict['/assets.example.js'] =","            local.assetsDict['/assets.example.js'] ||","            local.fs.readFileSync(__filename, 'utf8');","        // bug-workaround - long $npm_package_buildCustomOrg","        /* jslint-ignore-begin */","        local.assetsDict['/assets.npmtest_re_base.rollup.js'] =","            local.assetsDict['/assets.npmtest_re_base.rollup.js'] ||","            local.fs.readFileSync(","                local.npmtest_re_base.__dirname + '/lib.npmtest_re_base.js',","                'utf8'","            ).replace((/^#!/), '//');","        /* jslint-ignore-end */","        local.assetsDict['/favicon.ico'] = local.assetsDict['/favicon.ico'] || '';","        // if $npm_config_timeout_exit exists,","        // then exit this process after $npm_config_timeout_exit ms","        if (Number(process.env.npm_config_timeout_exit)) {","            setTimeout(process.exit, Number(process.env.npm_config_timeout_exit));","        }","        // start server","        if (local.global.utility2_serverHttp1) {","            break;","        }","        process.env.PORT = process.env.PORT || '8081';","        console.error('server starting on port ' + process.env.PORT);","        local.http.createServer(function (request, response) {","            request.urlParsed = local.url.parse(request.url);","            if (local.assetsDict[request.urlParsed.pathname] !== undefined) {","                response.end(local.assetsDict[request.urlParsed.pathname]);","                return;","            }","            response.statusCode = 404;","            response.end();","        }).listen(process.env.PORT);","        break;","    }","}());",""],"l":{"26":2,"28":2,"33":2,"35":2,"37":2,"38":2,"39":2,"44":1,"51":2,"55":2,"59":2,"61":2,"69":1,"70":2,"76":2,"79":2,"82":2,"83":2,"85":1,"89":2,"92":1,"93":1,"94":1,"96":1,"97":1,"100":1,"101":1,"103":1,"106":1,"108":2,"114":1,"116":1,"118":1,"123":1,"124":2,"125":2,"126":3,"127":3,"128":3,"129":3,"130":1,"133":3,"134":3,"139":3,"143":1,"144":3,"145":1,"149":1,"150":1,"158":1,"160":1,"161":1,"162":1,"164":1,"166":1,"258":1,"259":1,"271":1,"274":6,"275":6,"277":1,"279":2,"281":1,"283":2,"288":1,"289":1,"291":1,"296":1,"303":1,"306":1,"307":1,"310":1,"311":1,"313":1,"314":1,"315":1,"316":1,"317":1,"318":1,"319":1,"321":1,"322":1,"324":1}},"/home/travis/build/npmtest/node-npmtest-re-base/node_modules/re-base/index.js":{"path":"/home/travis/build/npmtest/node-npmtest-re-base/node_modules/re-base/index.js","s":{"1":1},"b":{},"f":{},"fnMap":{},"statementMap":{"1":{"start":{"line":1,"column":0},"end":{"line":1,"column":45}}},"branchMap":{},"code":["module.exports = require('./dist/bundle.js');","",""],"l":{"1":1}},"/home/travis/build/npmtest/node-npmtest-re-base/node_modules/re-base/dist/bundle.js":{"path":"/home/travis/build/npmtest/node-npmtest-re-base/node_modules/re-base/dist/bundle.js","s":{"1":1,"2":1,"3":1,"4":0,"5":0,"6":0,"7":0,"8":0,"9":1,"10":1,"11":1,"12":44,"13":18,"14":26,"15":26,"16":26,"17":26,"18":1,"19":1,"20":1,"21":1,"22":1,"23":1,"24":1,"25":1,"26":1,"27":1,"28":1,"29":1,"30":1,"31":1,"32":1,"33":1,"34":1,"35":1,"36":1,"37":1,"38":1,"39":1,"40":1,"41":1,"42":1,"43":1,"44":1,"45":1,"46":1,"47":1,"48":1,"49":1,"50":1,"51":1,"52":1,"53":1,"54":1,"55":1,"56":1,"57":1,"58":1,"59":1,"60":1,"61":1,"62":1,"63":1,"64":1,"65":1,"66":1,"67":1,"68":21,"69":1,"70":1,"71":1,"72":0,"73":0,"74":0,"75":0,"76":0,"77":0,"78":0,"79":0,"80":0,"81":0,"82":0,"83":0,"84":0,"85":0,"86":0,"87":0,"88":0,"89":0,"90":0,"91":0,"92":0,"93":0,"94":0,"95":0,"96":0,"97":0,"98":0,"99":0,"100":0,"101":0,"102":0,"103":0,"104":0,"105":1,"106":0,"107":0,"108":0,"109":0,"110":0,"111":0,"112":0,"113":1,"114":1,"115":1,"116":0,"117":0,"118":0,"119":0,"120":1,"121":0,"122":1,"123":0,"124":0,"125":0,"126":0,"127":0,"128":0,"129":0,"130":1,"131":0,"132":0,"133":0,"134":0,"135":0,"136":0,"137":0,"138":0,"139":0,"140":0,"141":1,"142":0,"143":0,"144":0,"145":1,"146":0,"147":0,"148":0,"149":1,"150":0,"151":1,"152":0,"153":1,"154":0,"155":0,"156":0,"157":0,"158":0,"159":0,"160":0,"161":1,"162":0,"163":0,"164":0,"165":0,"166":0,"167":0,"168":0,"169":0,"170":0,"171":1,"172":0,"173":0,"174":0,"175":0,"176":0,"177":1,"178":0,"179":1,"180":0,"181":0,"182":1,"183":0,"184":0,"185":0,"186":0,"187":0,"188":0,"189":0,"190":0,"191":1,"192":0,"193":0,"194":0,"195":0,"196":0,"197":0,"198":1,"199":0,"200":0,"201":0,"202":0,"203":0,"204":0,"205":0,"206":0,"207":0,"208":0,"209":0,"210":0,"211":0,"212":0,"213":0,"214":0,"215":1,"216":1,"217":1,"218":1,"219":1,"220":1,"221":1,"222":1,"223":1,"224":1,"225":1,"226":1,"227":1,"228":1,"229":1,"230":1,"231":0,"232":0,"233":1,"234":1,"235":0,"236":0,"237":0,"238":0,"239":0,"240":0,"241":0,"242":0,"243":0,"244":0,"245":0,"246":0,"247":0,"248":0,"249":0,"250":0,"251":0,"252":0,"253":0,"254":0,"255":0,"256":0,"257":0,"258":0,"259":1,"260":0,"261":0,"262":0,"263":0,"264":0,"265":0,"266":0,"267":0,"268":0,"269":0,"270":0,"271":0,"272":1,"273":0,"274":0,"275":0,"276":0,"277":0,"278":0,"279":0,"280":0,"281":1,"282":1,"283":1,"284":1,"285":1,"286":1,"287":1,"288":1,"289":1,"290":1,"291":1,"292":0,"293":0,"294":0,"295":0,"296":0,"297":0,"298":0,"299":0,"300":1,"301":1,"302":1,"303":1,"304":1,"305":1,"306":0,"307":0,"308":0,"309":0,"310":0,"311":0,"312":0,"313":0,"314":0,"315":0,"316":0,"317":0,"318":0,"319":0,"320":1,"321":1,"322":1,"323":1,"324":1,"325":0,"326":0,"327":0,"328":0,"329":0,"330":0,"331":1,"332":1,"333":1,"334":1,"335":1,"336":0,"337":0,"338":0,"339":0,"340":0,"341":0,"342":0,"343":0,"344":0,"345":0,"346":0,"347":0,"348":0,"349":0,"350":0,"351":0,"352":0,"353":0,"354":0,"355":0,"356":0,"357":0,"358":0,"359":0,"360":0,"361":0,"362":0,"363":0,"364":0,"365":0,"366":0,"367":0,"368":0,"369":0,"370":0,"371":1,"372":1,"373":1,"374":1,"375":1,"376":0,"377":0,"378":0,"379":0,"380":0,"381":0,"382":0,"383":0,"384":0,"385":0,"386":0,"387":0,"388":1,"389":1,"390":1,"391":1,"392":0,"393":0,"394":0,"395":0,"396":0,"397":0,"398":1,"399":1,"400":1,"401":0,"402":0,"403":0,"404":0,"405":0,"406":0,"407":1,"408":1,"409":1,"410":1,"411":0,"412":0,"413":0,"414":0,"415":0,"416":0,"417":0,"418":0,"419":0,"420":0,"421":0,"422":0,"423":0,"424":0,"425":0,"426":0,"427":0,"428":1,"429":1,"430":0,"431":1,"432":1,"433":1,"434":0,"435":0,"436":0,"437":0,"438":1,"439":1,"440":1,"441":0,"442":0,"443":0,"444":0,"445":1,"446":1,"447":1,"448":0,"449":0,"450":0,"451":0,"452":1,"453":1,"454":1,"455":0,"456":0,"457":0,"458":1,"459":1,"460":1,"461":1,"462":1,"463":1,"464":1,"465":0,"466":0,"467":0,"468":0,"469":0,"470":1,"471":1,"472":1,"473":1,"474":1,"475":0,"476":0,"477":0,"478":0,"479":1,"480":0,"481":1,"482":0,"483":0,"484":0,"485":0,"486":1,"487":0,"488":0,"489":0,"490":0,"491":1,"492":0,"493":0,"494":0,"495":0,"496":0,"497":0,"498":0,"499":0,"500":0,"501":0,"502":0,"503":1,"504":1,"505":1,"506":0,"507":0,"508":0,"509":1,"510":1,"511":1,"512":1,"513":1,"514":1,"515":1,"516":0,"517":0,"518":0,"519":0,"520":0,"521":1,"522":0,"523":0,"524":0,"525":0,"526":0,"527":0,"528":1,"529":1,"530":1,"531":1,"532":1,"533":1,"534":1,"535":0,"536":0,"537":0,"538":0,"539":0,"540":1,"541":1,"542":1,"543":0,"544":1,"545":1,"546":1,"547":0,"548":1,"549":1,"550":1,"551":0},"b":{"1":[1,0],"2":[1,1],"3":[0,0],"4":[0,0],"5":[0,0],"6":[0,0],"7":[18,26],"8":[21,0],"9":[21,21],"10":[0,0],"11":[0,0],"12":[0,0],"13":[0,0],"14":[0,0],"15":[0,0],"16":[0,0],"17":[0,0],"18":[0,0],"19":[0,0],"20":[0,0],"21":[0,0],"22":[0,0],"23":[0,0],"24":[0,0],"25":[0,0],"26":[0,0],"27":[0,0],"28":[0,0],"29":[0,0],"30":[0,0],"31":[0,0],"32":[0,0],"33":[0,0],"34":[0,0],"35":[0,0],"36":[0,0],"37":[0,0],"38":[0,0],"39":[0,0],"40":[0,0],"41":[0,0],"42":[0,0],"43":[0,0],"44":[0,0],"45":[0,0],"46":[1,0],"47":[1,1],"48":[0,0],"49":[0,0,0,0],"50":[0,0],"51":[0,0],"52":[0,0],"53":[0,0],"54":[0,0],"55":[0,0],"56":[0,0],"57":[0,0],"58":[0,0],"59":[0,0],"60":[0,0],"61":[0,0,0],"62":[0,0],"63":[0,0],"64":[0,0],"65":[0,0],"66":[0,0],"67":[0,0],"68":[0,0],"69":[0,0],"70":[0,0],"71":[0,0],"72":[1,0],"73":[1,1],"74":[0,0],"75":[0,0],"76":[0,0],"77":[0,0],"78":[0,0],"79":[0,0],"80":[0,0],"81":[0,0],"82":[0,0],"83":[0,0],"84":[0,0],"85":[0,0],"86":[0,0],"87":[0,0],"88":[0,0],"89":[0,0],"90":[0,0],"91":[0,0],"92":[0,0],"93":[0,0],"94":[0,0],"95":[0,0],"96":[0,0],"97":[0,0],"98":[1,0],"99":[1,1],"100":[0,0],"101":[0,0],"102":[0,0],"103":[0,0],"104":[0,0,0,0,0],"105":[1,0],"106":[1,1],"107":[0,0],"108":[0,0],"109":[1,0],"110":[1,1],"111":[0,0]},"f":{"1":1,"2":1,"3":1,"4":44,"5":1,"6":1,"7":21,"8":1,"9":0,"10":0,"11":0,"12":0,"13":0,"14":0,"15":0,"16":0,"17":0,"18":0,"19":0,"20":0,"21":0,"22":0,"23":0,"24":0,"25":0,"26":0,"27":0,"28":0,"29":0,"30":0,"31":0,"32":0,"33":0,"34":0,"35":1,"36":1,"37":0,"38":0,"39":0,"40":0,"41":0,"42":0,"43":0,"44":0,"45":0,"46":0,"47":0,"48":0,"49":0,"50":0,"51":0,"52":0,"53":0,"54":0,"55":0,"56":0,"57":0,"58":1,"59":0,"60":0,"61":0,"62":0,"63":0,"64":0,"65":0,"66":0,"67":0,"68":0,"69":0,"70":0,"71":1,"72":1,"73":0,"74":1,"75":0,"76":0,"77":0,"78":1,"79":0,"80":1,"81":0,"82":0,"83":0,"84":0,"85":0,"86":0,"87":0,"88":1,"89":0,"90":1,"91":0,"92":1,"93":0,"94":0,"95":1,"96":0,"97":0,"98":1,"99":0,"100":1,"101":0,"102":0,"103":0,"104":1,"105":0,"106":0,"107":0,"108":1,"109":0,"110":0,"111":0,"112":1,"113":0,"114":0,"115":0,"116":1,"117":1,"118":0,"119":0,"120":0,"121":1,"122":0,"123":0,"124":0,"125":0,"126":0,"127":1,"128":0,"129":0,"130":0,"131":1,"132":1,"133":0,"134":0,"135":0,"136":0,"137":1,"138":1,"139":0,"140":0,"141":0,"142":1,"143":0,"144":1,"145":0,"146":1,"147":0},"fnMap":{"1":{"name":"webpackUniversalModuleDefinition","line":1,"loc":{"start":{"line":1,"column":1},"end":{"line":1,"column":58}}},"2":{"name":"(anonymous_2)","line":10,"loc":{"start":{"line":10,"column":9},"end":{"line":10,"column":49}}},"3":{"name":"(anonymous_3)","line":11,"loc":{"start":{"line":11,"column":17},"end":{"line":11,"column":35}}},"4":{"name":"__webpack_require__","line":16,"loc":{"start":{"line":16,"column":10},"end":{"line":16,"column":49}}},"5":{"name":"(anonymous_5)","line":55,"loc":{"start":{"line":55,"column":6},"end":{"line":55,"column":53}}},"6":{"name":"(anonymous_6)","line":62,"loc":{"start":{"line":62,"column":6},"end":{"line":62,"column":53}}},"7":{"name":"_interopRequireDefault","line":154,"loc":{"start":{"line":154,"column":1},"end":{"line":154,"column":38}}},"8":{"name":"(anonymous_8)","line":160,"loc":{"start":{"line":160,"column":18},"end":{"line":160,"column":30}}},"9":{"name":"init","line":164,"loc":{"start":{"line":164,"column":3},"end":{"line":164,"column":22}}},"10":{"name":"(anonymous_10)","line":165,"loc":{"start":{"line":165,"column":12},"end":{"line":165,"column":24}}},"11":{"name":"listenTo","line":178,"loc":{"start":{"line":178,"column":19},"end":{"line":178,"column":56}}},"12":{"name":"bindToState","line":186,"loc":{"start":{"line":186,"column":22},"end":{"line":186,"column":62}}},"13":{"name":"syncState","line":193,"loc":{"start":{"line":193,"column":20},"end":{"line":193,"column":58}}},"14":{"name":"fetch","line":201,"loc":{"start":{"line":201,"column":16},"end":{"line":201,"column":50}}},"15":{"name":"post","line":204,"loc":{"start":{"line":204,"column":15},"end":{"line":204,"column":48}}},"16":{"name":"update","line":207,"loc":{"start":{"line":207,"column":17},"end":{"line":207,"column":52}}},"17":{"name":"push","line":212,"loc":{"start":{"line":212,"column":15},"end":{"line":212,"column":48}}},"18":{"name":"removeBinding","line":215,"loc":{"start":{"line":215,"column":24},"end":{"line":215,"column":57}}},"19":{"name":"remove","line":222,"loc":{"start":{"line":222,"column":17},"end":{"line":222,"column":47}}},"20":{"name":"reset","line":225,"loc":{"start":{"line":225,"column":16},"end":{"line":225,"column":33}}},"21":{"name":"authWithPassword","line":232,"loc":{"start":{"line":232,"column":27},"end":{"line":232,"column":70}}},"22":{"name":"authWithCustomToken","line":235,"loc":{"start":{"line":235,"column":30},"end":{"line":235,"column":70}}},"23":{"name":"authWithOAuthPopup","line":238,"loc":{"start":{"line":238,"column":29},"end":{"line":238,"column":81}}},"24":{"name":"authWithOAuthRedirect","line":241,"loc":{"start":{"line":241,"column":32},"end":{"line":241,"column":87}}},"25":{"name":"authWithOAuthToken","line":244,"loc":{"start":{"line":244,"column":29},"end":{"line":244,"column":88}}},"26":{"name":"authGetOAuthRedirectResult","line":247,"loc":{"start":{"line":247,"column":37},"end":{"line":247,"column":77}}},"27":{"name":"onAuth","line":250,"loc":{"start":{"line":250,"column":17},"end":{"line":250,"column":37}}},"28":{"name":"unauth","line":253,"loc":{"start":{"line":253,"column":17},"end":{"line":253,"column":37}}},"29":{"name":"getAuth","line":256,"loc":{"start":{"line":256,"column":18},"end":{"line":256,"column":37}}},"30":{"name":"createUser","line":259,"loc":{"start":{"line":259,"column":21},"end":{"line":259,"column":58}}},"31":{"name":"resetPassword","line":262,"loc":{"start":{"line":262,"column":24},"end":{"line":262,"column":64}}},"32":{"name":"_delete","line":265,"loc":{"start":{"line":265,"column":17},"end":{"line":265,"column":38}}},"33":{"name":"(anonymous_33)","line":269,"loc":{"start":{"line":269,"column":52},"end":{"line":269,"column":64}}},"34":{"name":"createClass","line":283,"loc":{"start":{"line":283,"column":18},"end":{"line":283,"column":47}}},"35":{"name":"(anonymous_35)","line":305,"loc":{"start":{"line":305,"column":6},"end":{"line":305,"column":32}}},"36":{"name":"(anonymous_36)","line":311,"loc":{"start":{"line":311,"column":6},"end":{"line":311,"column":32}}},"37":{"name":"_defineProperty","line":319,"loc":{"start":{"line":319,"column":1},"end":{"line":319,"column":43}}},"38":{"name":"_isObject","line":321,"loc":{"start":{"line":321,"column":17},"end":{"line":321,"column":41}}},"39":{"name":"_toArray","line":325,"loc":{"start":{"line":325,"column":16},"end":{"line":325,"column":44}}},"40":{"name":"(anonymous_40)","line":327,"loc":{"start":{"line":327,"column":20},"end":{"line":327,"column":45}}},"41":{"name":"_prepareData","line":337,"loc":{"start":{"line":337,"column":20},"end":{"line":337,"column":52}}},"42":{"name":"_addSync","line":350,"loc":{"start":{"line":350,"column":16},"end":{"line":350,"column":56}}},"43":{"name":"_throwError","line":356,"loc":{"start":{"line":356,"column":19},"end":{"line":356,"column":51}}},"44":{"name":"_setState","line":362,"loc":{"start":{"line":362,"column":17},"end":{"line":362,"column":46}}},"45":{"name":"_returnRef","line":366,"loc":{"start":{"line":366,"column":18},"end":{"line":366,"column":69}}},"46":{"name":"_addQueries","line":370,"loc":{"start":{"line":370,"column":19},"end":{"line":370,"column":54}}},"47":{"name":"_createHash","line":391,"loc":{"start":{"line":391,"column":19},"end":{"line":391,"column":59}}},"48":{"name":"_addScope","line":403,"loc":{"start":{"line":403,"column":17},"end":{"line":403,"column":53}}},"49":{"name":"(anonymous_49)","line":405,"loc":{"start":{"line":405,"column":19},"end":{"line":405,"column":35}}},"50":{"name":"_firebaseRefsMixin","line":414,"loc":{"start":{"line":414,"column":26},"end":{"line":414,"column":69}}},"51":{"name":"_handleError","line":418,"loc":{"start":{"line":418,"column":20},"end":{"line":418,"column":58}}},"52":{"name":"_setData","line":424,"loc":{"start":{"line":424,"column":16},"end":{"line":424,"column":68}}},"53":{"name":"(anonymous_53)","line":426,"loc":{"start":{"line":426,"column":45},"end":{"line":426,"column":66}}},"54":{"name":"(anonymous_54)","line":430,"loc":{"start":{"line":430,"column":26},"end":{"line":430,"column":47}}},"55":{"name":"_updateSyncState","line":439,"loc":{"start":{"line":439,"column":24},"end":{"line":439,"column":82}}},"56":{"name":"_addListener","line":454,"loc":{"start":{"line":454,"column":20},"end":{"line":454,"column":80}}},"57":{"name":"(anonymous_57)","line":456,"loc":{"start":{"line":456,"column":37},"end":{"line":456,"column":57}}},"58":{"name":"(anonymous_58)","line":493,"loc":{"start":{"line":493,"column":6},"end":{"line":493,"column":53}}},"59":{"name":"(anonymous_59)","line":502,"loc":{"start":{"line":502,"column":85},"end":{"line":502,"column":100}}},"60":{"name":"(anonymous_60)","line":502,"loc":{"start":{"line":502,"column":125},"end":{"line":502,"column":140}}},"61":{"name":"notObject","line":507,"loc":{"start":{"line":507,"column":14},"end":{"line":507,"column":42}}},"62":{"name":"context","line":512,"loc":{"start":{"line":512,"column":12},"end":{"line":512,"column":38}}},"63":{"name":"state","line":518,"loc":{"start":{"line":518,"column":10},"end":{"line":518,"column":34}}},"64":{"name":"then","line":524,"loc":{"start":{"line":524,"column":9},"end":{"line":524,"column":32}}},"65":{"name":"data","line":530,"loc":{"start":{"line":530,"column":9},"end":{"line":530,"column":32}}},"66":{"name":"query","line":536,"loc":{"start":{"line":536,"column":10},"end":{"line":536,"column":34}}},"67":{"name":"asString","line":546,"loc":{"start":{"line":546,"column":13},"end":{"line":546,"column":40}}},"68":{"name":"makeError","line":552,"loc":{"start":{"line":552,"column":14},"end":{"line":552,"column":53}}},"69":{"name":"_validateEndpoint","line":557,"loc":{"start":{"line":557,"column":25},"end":{"line":557,"column":62}}},"70":{"name":"_validateConfig","line":575,"loc":{"start":{"line":575,"column":23},"end":{"line":575,"column":56}}},"71":{"name":"(anonymous_71)","line":595,"loc":{"start":{"line":595,"column":6},"end":{"line":595,"column":53}}},"72":{"name":"_interopRequireDefault","line":610,"loc":{"start":{"line":610,"column":1},"end":{"line":610,"column":38}}},"73":{"name":"_push","line":612,"loc":{"start":{"line":612,"column":1},"end":{"line":612,"column":39}}},"74":{"name":"(anonymous_74)","line":627,"loc":{"start":{"line":627,"column":6},"end":{"line":627,"column":53}}},"75":{"name":"_fetch","line":642,"loc":{"start":{"line":642,"column":1},"end":{"line":642,"column":40}}},"76":{"name":"(anonymous_76)","line":649,"loc":{"start":{"line":649,"column":33},"end":{"line":649,"column":53}}},"77":{"name":"(anonymous_77)","line":655,"loc":{"start":{"line":655,"column":6},"end":{"line":655,"column":21}}},"78":{"name":"(anonymous_78)","line":667,"loc":{"start":{"line":667,"column":6},"end":{"line":667,"column":53}}},"79":{"name":"_post","line":680,"loc":{"start":{"line":680,"column":1},"end":{"line":680,"column":39}}},"80":{"name":"(anonymous_80)","line":693,"loc":{"start":{"line":693,"column":6},"end":{"line":693,"column":53}}},"81":{"name":"_sync","line":706,"loc":{"start":{"line":706,"column":1},"end":{"line":706,"column":42}}},"82":{"name":"(anonymous_82)","line":713,"loc":{"start":{"line":713,"column":85},"end":{"line":713,"column":97}}},"83":{"name":"(anonymous_83)","line":735,"loc":{"start":{"line":735,"column":30},"end":{"line":735,"column":50}}},"84":{"name":"(anonymous_84)","line":741,"loc":{"start":{"line":741,"column":38},"end":{"line":741,"column":54}}},"85":{"name":"(anonymous_85)","line":747,"loc":{"start":{"line":747,"column":24},"end":{"line":747,"column":45}}},"86":{"name":"(anonymous_86)","line":753,"loc":{"start":{"line":753,"column":21},"end":{"line":753,"column":36}}},"87":{"name":"(anonymous_87)","line":754,"loc":{"start":{"line":754,"column":28},"end":{"line":754,"column":49}}},"88":{"name":"(anonymous_88)","line":768,"loc":{"start":{"line":768,"column":6},"end":{"line":768,"column":53}}},"89":{"name":"_bind","line":781,"loc":{"start":{"line":781,"column":1},"end":{"line":781,"column":51}}},"90":{"name":"(anonymous_90)","line":799,"loc":{"start":{"line":799,"column":6},"end":{"line":799,"column":53}}},"91":{"name":"_update","line":810,"loc":{"start":{"line":810,"column":1},"end":{"line":810,"column":44}}},"92":{"name":"(anonymous_92)","line":823,"loc":{"start":{"line":823,"column":6},"end":{"line":823,"column":32}}},"93":{"name":"_reset","line":831,"loc":{"start":{"line":831,"column":1},"end":{"line":831,"column":24}}},"94":{"name":"(anonymous_94)","line":832,"loc":{"start":{"line":832,"column":22},"end":{"line":832,"column":41}}},"95":{"name":"(anonymous_95)","line":843,"loc":{"start":{"line":843,"column":6},"end":{"line":843,"column":53}}},"96":{"name":"_removeBinding","line":854,"loc":{"start":{"line":854,"column":1},"end":{"line":854,"column":38}}},"97":{"name":"(anonymous_97)","line":874,"loc":{"start":{"line":874,"column":38},"end":{"line":874,"column":61}}},"98":{"name":"(anonymous_98)","line":886,"loc":{"start":{"line":886,"column":6},"end":{"line":886,"column":32}}},"99":{"name":"(anonymous_99)","line":894,"loc":{"start":{"line":894,"column":19},"end":{"line":894,"column":47}}},"100":{"name":"(anonymous_100)","line":900,"loc":{"start":{"line":900,"column":6},"end":{"line":900,"column":32}}},"101":{"name":"_resetPassword","line":908,"loc":{"start":{"line":908,"column":1},"end":{"line":908,"column":48}}},"102":{"name":"(anonymous_102)","line":911,"loc":{"start":{"line":911,"column":51},"end":{"line":911,"column":63}}},"103":{"name":"(anonymous_103)","line":913,"loc":{"start":{"line":913,"column":13},"end":{"line":913,"column":30}}},"104":{"name":"(anonymous_104)","line":920,"loc":{"start":{"line":920,"column":6},"end":{"line":920,"column":32}}},"105":{"name":"_createUser","line":928,"loc":{"start":{"line":928,"column":1},"end":{"line":928,"column":45}}},"106":{"name":"(anonymous_106)","line":932,"loc":{"start":{"line":932,"column":68},"end":{"line":932,"column":88}}},"107":{"name":"(anonymous_107)","line":934,"loc":{"start":{"line":934,"column":12},"end":{"line":934,"column":27}}},"108":{"name":"(anonymous_108)","line":941,"loc":{"start":{"line":941,"column":6},"end":{"line":941,"column":32}}},"109":{"name":"_authWithPassword","line":949,"loc":{"start":{"line":949,"column":1},"end":{"line":949,"column":51}}},"110":{"name":"(anonymous_110)","line":953,"loc":{"start":{"line":953,"column":64},"end":{"line":953,"column":84}}},"111":{"name":"(anonymous_111)","line":955,"loc":{"start":{"line":955,"column":12},"end":{"line":955,"column":27}}},"112":{"name":"(anonymous_112)","line":962,"loc":{"start":{"line":962,"column":6},"end":{"line":962,"column":32}}},"113":{"name":"_authWithCustomToken","line":970,"loc":{"start":{"line":970,"column":1},"end":{"line":970,"column":48}}},"114":{"name":"(anonymous_114)","line":971,"loc":{"start":{"line":971,"column":49},"end":{"line":971,"column":65}}},"115":{"name":"(anonymous_115)","line":973,"loc":{"start":{"line":973,"column":12},"end":{"line":973,"column":29}}},"116":{"name":"(anonymous_116)","line":980,"loc":{"start":{"line":980,"column":6},"end":{"line":980,"column":53}}},"117":{"name":"_interopRequireDefault","line":993,"loc":{"start":{"line":993,"column":1},"end":{"line":993,"column":38}}},"118":{"name":"_authWithOAuthPopup","line":995,"loc":{"start":{"line":995,"column":1},"end":{"line":995,"column":60}}},"119":{"name":"(anonymous_119)","line":998,"loc":{"start":{"line":998,"column":52},"end":{"line":998,"column":72}}},"120":{"name":"(anonymous_120)","line":1000,"loc":{"start":{"line":1000,"column":14},"end":{"line":1000,"column":31}}},"121":{"name":"(anonymous_121)","line":1007,"loc":{"start":{"line":1007,"column":6},"end":{"line":1007,"column":53}}},"122":{"name":"_getFacebookProvider","line":1020,"loc":{"start":{"line":1020,"column":1},"end":{"line":1020,"column":41}}},"123":{"name":"_getTwitterProvider","line":1028,"loc":{"start":{"line":1028,"column":1},"end":{"line":1028,"column":32}}},"124":{"name":"_getGithubProvider","line":1032,"loc":{"start":{"line":1032,"column":1},"end":{"line":1032,"column":39}}},"125":{"name":"_getGoogleProvider","line":1040,"loc":{"start":{"line":1040,"column":1},"end":{"line":1040,"column":39}}},"126":{"name":"_getAuthProvider","line":1048,"loc":{"start":{"line":1048,"column":1},"end":{"line":1048,"column":46}}},"127":{"name":"(anonymous_127)","line":1070,"loc":{"start":{"line":1070,"column":6},"end":{"line":1070,"column":32}}},"128":{"name":"_getOAuthRedirectResult","line":1078,"loc":{"start":{"line":1078,"column":1},"end":{"line":1078,"column":44}}},"129":{"name":"(anonymous_129)","line":1079,"loc":{"start":{"line":1079,"column":42},"end":{"line":1079,"column":58}}},"130":{"name":"(anonymous_130)","line":1081,"loc":{"start":{"line":1081,"column":14},"end":{"line":1081,"column":31}}},"131":{"name":"(anonymous_131)","line":1088,"loc":{"start":{"line":1088,"column":6},"end":{"line":1088,"column":53}}},"132":{"name":"_interopRequireDefault","line":1101,"loc":{"start":{"line":1101,"column":1},"end":{"line":1101,"column":38}}},"133":{"name":"_toConsumableArray","line":1103,"loc":{"start":{"line":1103,"column":1},"end":{"line":1103,"column":34}}},"134":{"name":"_authWithOAuthToken","line":1105,"loc":{"start":{"line":1105,"column":1},"end":{"line":1105,"column":67}}},"135":{"name":"(anonymous_135)","line":1109,"loc":{"start":{"line":1109,"column":55},"end":{"line":1109,"column":75}}},"136":{"name":"(anonymous_136)","line":1111,"loc":{"start":{"line":1111,"column":14},"end":{"line":1111,"column":31}}},"137":{"name":"(anonymous_137)","line":1118,"loc":{"start":{"line":1118,"column":6},"end":{"line":1118,"column":53}}},"138":{"name":"_interopRequireDefault","line":1131,"loc":{"start":{"line":1131,"column":1},"end":{"line":1131,"column":38}}},"139":{"name":"_authWithOAuthRedirect","line":1133,"loc":{"start":{"line":1133,"column":1},"end":{"line":1133,"column":63}}},"140":{"name":"(anonymous_140)","line":1136,"loc":{"start":{"line":1136,"column":55},"end":{"line":1136,"column":67}}},"141":{"name":"(anonymous_141)","line":1138,"loc":{"start":{"line":1138,"column":14},"end":{"line":1138,"column":31}}},"142":{"name":"(anonymous_142)","line":1145,"loc":{"start":{"line":1145,"column":6},"end":{"line":1145,"column":32}}},"143":{"name":"_onAuth","line":1153,"loc":{"start":{"line":1153,"column":1},"end":{"line":1153,"column":28}}},"144":{"name":"(anonymous_144)","line":1159,"loc":{"start":{"line":1159,"column":6},"end":{"line":1159,"column":32}}},"145":{"name":"_unauth","line":1167,"loc":{"start":{"line":1167,"column":1},"end":{"line":1167,"column":24}}},"146":{"name":"(anonymous_146)","line":1173,"loc":{"start":{"line":1173,"column":6},"end":{"line":1173,"column":32}}},"147":{"name":"_getAuth","line":1181,"loc":{"start":{"line":1181,"column":1},"end":{"line":1181,"column":25}}}},"statementMap":{"1":{"start":{"line":1,"column":0},"end":{"line":1187,"column":3}},"2":{"start":{"line":2,"column":1},"end":{"line":9,"column":2}},"3":{"start":{"line":3,"column":2},"end":{"line":3,"column":48}},"4":{"start":{"line":4,"column":6},"end":{"line":9,"column":2}},"5":{"start":{"line":5,"column":2},"end":{"line":5,"column":32}},"6":{"start":{"line":7,"column":2},"end":{"line":7,"column":97}},"7":{"start":{"line":8,"column":2},"end":{"line":8,"column":75}},"8":{"start":{"line":8,"column":18},"end":{"line":8,"column":75}},"9":{"start":{"line":11,"column":0},"end":{"line":1186,"column":11}},"10":{"start":{"line":13,"column":10},"end":{"line":13,"column":36}},"11":{"start":{"line":16,"column":10},"end":{"line":37,"column":11}},"12":{"start":{"line":19,"column":11},"end":{"line":20,"column":54}},"13":{"start":{"line":20,"column":12},"end":{"line":20,"column":54}},"14":{"start":{"line":23,"column":11},"end":{"line":27,"column":13}},"15":{"start":{"line":30,"column":11},"end":{"line":30,"column":95}},"16":{"start":{"line":33,"column":11},"end":{"line":33,"column":32}},"17":{"start":{"line":36,"column":11},"end":{"line":36,"column":33}},"18":{"start":{"line":41,"column":10},"end":{"line":41,"column":42}},"19":{"start":{"line":44,"column":10},"end":{"line":44,"column":51}},"20":{"start":{"line":47,"column":10},"end":{"line":47,"column":37}},"21":{"start":{"line":50,"column":10},"end":{"line":50,"column":40}},"22":{"start":{"line":57,"column":1},"end":{"line":57,"column":41}},"23":{"start":{"line":66,"column":1},"end":{"line":66,"column":40}},"24":{"start":{"line":68,"column":1},"end":{"line":68,"column":52}},"25":{"start":{"line":70,"column":1},"end":{"line":70,"column":37}},"26":{"start":{"line":72,"column":1},"end":{"line":72,"column":42}},"27":{"start":{"line":74,"column":1},"end":{"line":74,"column":37}},"28":{"start":{"line":76,"column":1},"end":{"line":76,"column":45}},"29":{"start":{"line":78,"column":1},"end":{"line":78,"column":38}},"30":{"start":{"line":80,"column":1},"end":{"line":80,"column":47}},"31":{"start":{"line":82,"column":1},"end":{"line":82,"column":37}},"32":{"start":{"line":84,"column":1},"end":{"line":84,"column":45}},"33":{"start":{"line":86,"column":1},"end":{"line":86,"column":37}},"34":{"start":{"line":88,"column":1},"end":{"line":88,"column":45}},"35":{"start":{"line":90,"column":1},"end":{"line":90,"column":37}},"36":{"start":{"line":92,"column":1},"end":{"line":92,"column":45}},"37":{"start":{"line":94,"column":1},"end":{"line":94,"column":40}},"38":{"start":{"line":96,"column":1},"end":{"line":96,"column":49}},"39":{"start":{"line":98,"column":1},"end":{"line":98,"column":39}},"40":{"start":{"line":100,"column":1},"end":{"line":100,"column":47}},"41":{"start":{"line":102,"column":1},"end":{"line":102,"column":47}},"42":{"start":{"line":104,"column":1},"end":{"line":104,"column":63}},"43":{"start":{"line":106,"column":1},"end":{"line":106,"column":40}},"44":{"start":{"line":108,"column":1},"end":{"line":108,"column":49}},"45":{"start":{"line":110,"column":1},"end":{"line":110,"column":47}},"46":{"start":{"line":112,"column":1},"end":{"line":112,"column":63}},"47":{"start":{"line":114,"column":1},"end":{"line":114,"column":44}},"48":{"start":{"line":116,"column":1},"end":{"line":116,"column":57}},"49":{"start":{"line":118,"column":1},"end":{"line":118,"column":50}},"50":{"start":{"line":120,"column":1},"end":{"line":120,"column":69}},"51":{"start":{"line":122,"column":1},"end":{"line":122,"column":53}},"52":{"start":{"line":124,"column":1},"end":{"line":124,"column":75}},"53":{"start":{"line":126,"column":1},"end":{"line":126,"column":52}},"54":{"start":{"line":128,"column":1},"end":{"line":128,"column":73}},"55":{"start":{"line":130,"column":1},"end":{"line":130,"column":56}},"56":{"start":{"line":132,"column":1},"end":{"line":132,"column":81}},"57":{"start":{"line":134,"column":1},"end":{"line":134,"column":52}},"58":{"start":{"line":136,"column":1},"end":{"line":136,"column":73}},"59":{"start":{"line":138,"column":1},"end":{"line":138,"column":55}},"60":{"start":{"line":140,"column":1},"end":{"line":140,"column":79}},"61":{"start":{"line":142,"column":1},"end":{"line":142,"column":40}},"62":{"start":{"line":144,"column":1},"end":{"line":144,"column":49}},"63":{"start":{"line":146,"column":1},"end":{"line":146,"column":40}},"64":{"start":{"line":148,"column":1},"end":{"line":148,"column":49}},"65":{"start":{"line":150,"column":1},"end":{"line":150,"column":41}},"66":{"start":{"line":152,"column":1},"end":{"line":152,"column":51}},"67":{"start":{"line":154,"column":1},"end":{"line":154,"column":96}},"68":{"start":{"line":154,"column":40},"end":{"line":154,"column":94}},"69":{"start":{"line":160,"column":1},"end":{"line":296,"column":5}},"70":{"start":{"line":162,"column":3},"end":{"line":162,"column":17}},"71":{"start":{"line":164,"column":3},"end":{"line":280,"column":4}},"72":{"start":{"line":165,"column":5},"end":{"line":279,"column":9}},"73":{"start":{"line":166,"column":7},"end":{"line":166,"column":36}},"74":{"start":{"line":167,"column":7},"end":{"line":167,"column":41}},"75":{"start":{"line":168,"column":7},"end":{"line":168,"column":33}},"76":{"start":{"line":170,"column":7},"end":{"line":278,"column":9}},"77":{"start":{"line":179,"column":11},"end":{"line":184,"column":14}},"78":{"start":{"line":187,"column":11},"end":{"line":191,"column":14}},"79":{"start":{"line":194,"column":11},"end":{"line":199,"column":14}},"80":{"start":{"line":202,"column":11},"end":{"line":202,"column":94}},"81":{"start":{"line":205,"column":11},"end":{"line":205,"column":93}},"82":{"start":{"line":208,"column":11},"end":{"line":210,"column":14}},"83":{"start":{"line":213,"column":11},"end":{"line":213,"column":93}},"84":{"start":{"line":216,"column":11},"end":{"line":220,"column":14}},"85":{"start":{"line":223,"column":11},"end":{"line":223,"column":90}},"86":{"start":{"line":226,"column":11},"end":{"line":230,"column":14}},"87":{"start":{"line":233,"column":11},"end":{"line":233,"column":99}},"88":{"start":{"line":236,"column":11},"end":{"line":236,"column":96}},"89":{"start
[...]
t  value: true","\t});","\texports.default = _post;","","\tvar _firebase = __webpack_require__(2);","","\tvar _validators = __webpack_require__(4);","","\tfunction _post(endpoint, options, db) {","\t  (0, _validators._validateEndpoint)(endpoint);","\t  _validators.optionValidators.data(options);","\t  var ref = db.ref(endpoint);","\t  if (options.then) {","\t    return ref.set(options.data, options.then);","\t  } else {","\t    return ref.set(options.data);","\t  }","\t};","","/***/ },","/* 8 */","/***/ function(module, exports, __webpack_require__) {","","\t'use strict';","","\tObject.defineProperty(exports, \"__esModule\", {","\t  value: true","\t});","\texports.default = _sync;","","\tvar _validators = __webpack_require__(4);","","\tvar _utils = __webpack_require__(3);","","\tfunction _sync(endpoint, options, state) {","\t  (0, _validators._validateEndpoint)(endpoint);","\t  _validators.optionValidators.context(options);","\t  _validators.optionValidators.state(options);","\t  _validators.optionValidators.asString(options);","\t  options.queries && _validators.optionValidators.query(options);","\t  options.then && (options.then.called = false);","\t  options.onFailure = options.onFailure ? options.onFailure.bind(options.context) : function () {};","\t  options.keepKeys = options.keepKeys && options.asArray;","","\t  //store reference to react's setState","\t  if (_sync.called !== true) {","\t    _sync.reactSetState = options.context.setState;","\t    _sync.called = true;","\t  }","\t  options.reactSetState = _sync.reactSetState;","","\t  var ref = state.db.ref(endpoint);","\t  var id = (0, _utils._createHash)(endpoint, 'syncState');","\t  (0, _utils._firebaseRefsMixin)(id, ref, state.refs);","\t  (0, _utils._addListener)(id, 'syncState', options, ref, state.listeners);","","\t  var sync = {","\t    id: id,","\t    updateFirebase: _utils._updateSyncState.bind(null, ref, options.onFailure, options.keepKeys),","\t    stateKey: options.state","\t  };","\t  (0, _utils._addSync)(options.context, sync, state.syncs);","","\t  options.context.setState = function (data, cb) {","\t    var syncsToCall = state.syncs.get(this);","\t    //if sync does not exist, call original Component.setState","\t    if (!syncsToCall || syncsToCall.length === 0) {","\t      return _sync.reactSetState.call(this, data, cb);","\t    }","\t    var syncedKeys = syncsToCall.map(function (sync) {","\t      return {","\t        key: sync.stateKey,","\t        update: sync.updateFirebase","\t      };","\t    });","\t    syncedKeys.forEach(function (syncedKey) {","\t      if (data.hasOwnProperty(syncedKey.key)) {","\t        syncedKey.update(data[syncedKey.key]);","\t      }","\t    });","\t    var allKeys = Object.keys(data);","\t    allKeys.forEach(function (key) {","\t      if (!syncedKeys.find(function (syncedKey) {","\t        return syncedKey.key === key;","\t      })) {","\t        var update = {};","\t        update[key] = data[key];","\t        _sync.reactSetState.call(options.context, update, cb);","\t      }","\t    });","\t  };","\t  return (0, _utils._returnRef)(endpoint, 'syncState', id, options.context);","\t};","","/***/ },","/* 9 */","/***/ function(module, exports, __webpack_require__) {","","\t'use strict';","","\tObject.defineProperty(exports, \"__esModule\", {","\t  value: true","\t});","\texports.default = _bind;","","\tvar _validators = __webpack_require__(4);","","\tvar _utils = __webpack_require__(3);","","\tfunction _bind(endpoint, options, invoker, state) {","\t  (0, _validators._validateEndpoint)(endpoint);","\t  _validators.optionValidators.context(options);","\t  _validators.optionValidators.asString(options);","\t  invoker === 'listenTo' && _validators.optionValidators.then(options);","\t  invoker === 'bindToState' && _validators.optionValidators.state(options);","\t  options.queries && _validators.optionValidators.query(options);","\t  options.then && (options.then.called = false);","","\t  var id = (0, _utils._createHash)(endpoint, invoker);","\t  var ref = state.db.ref(endpoint);","\t  (0, _utils._firebaseRefsMixin)(id, ref, state.refs);","\t  (0, _utils._addListener)(id, invoker, options, ref, state.listeners);","\t  return (0, _utils._returnRef)(endpoint, invoker, id, options.context);","\t};","","/***/ },","/* 10 */","/***/ function(module, exports, __webpack_require__) {","","\t'use strict';","","\tObject.defineProperty(exports, \"__esModule\", {","\t  value: true","\t});","\texports.default = _update;","","\tvar _validators = __webpack_require__(4);","","\tfunction _update(endpoint, options, state) {","\t  (0, _validators._validateEndpoint)(endpoint);","\t  _validators.optionValidators.data(options);","\t  var ref = state.db.ref(endpoint);","\t  if (options.then) {","\t    return ref.update(options.data, options.then);","\t  } else {","\t    return ref.update(options.data);","\t  }","\t};","","/***/ },","/* 11 */","/***/ function(module, exports) {","","\t'use strict';","","\tObject.defineProperty(exports, \"__esModule\", {","\t  value: true","\t});","\texports.default = _reset;","\tfunction _reset(state) {","\t  state.refs.forEach(function (ref, id) {","\t    ref.off('value', state.listeners.get(id));","\t  });","\t  state.listeners = new Map();","\t  state.refs = new Map();","\t  state.syncs = new WeakMap();","\t  return null;","\t};","","/***/ },","/* 12 */","/***/ function(module, exports, __webpack_require__) {","","\t\"use strict\";","","\tObject.defineProperty(exports, \"__esModule\", {","\t  value: true","\t});","\texports.default = _removeBinding;","","\tvar _utils = __webpack_require__(3);","","\tfunction _removeBinding(_ref, _ref2) {","\t  var endpoint = _ref.endpoint,","\t      method = _ref.method,","\t      id = _ref.id,","\t      context = _ref.context;","\t  var refs = _ref2.refs,","\t      listeners = _ref2.listeners,","\t      syncs = _ref2.syncs;","","\t  var ref = refs.get(id);","\t  var listener = listeners.get(id);","\t  if (typeof ref === \"undefined\") {","\t    var errorMsg = \"Unexpected value. Ref was either never bound or has already been unbound.\";","\t    (0, _utils._throwError)(errorMsg, \"UNBOUND_ENDPOINT_VARIABLE\");","\t  }","\t  ref.off('value', listener);","\t  refs.delete(id);","\t  listeners.delete(id);","\t  var currentSyncs = syncs.get(context);","\t  if (currentSyncs && currentSyncs.length > 0) {","\t    var idx = currentSyncs.findIndex(function (item, index) {","\t      return item.id === id;","\t    });","\t    if (idx !== -1) {","\t      currentSyncs.splice(idx, 1);","\t      syncs.set(context, currentSyncs);","\t    }","\t  }","\t};","","/***/ },","/* 13 */","/***/ function(module, exports) {","","\t\"use strict\";","","\tObject.defineProperty(exports, \"__esModule\", {","\t  value: true","\t});","","\texports.default = function (endpoint, db, fn) {","\t  return db.ref().child(endpoint).remove(fn);","\t};","","/***/ },","/* 14 */","/***/ function(module, exports) {","","\t\"use strict\";","","\tObject.defineProperty(exports, \"__esModule\", {","\t   value: true","\t});","\texports.default = _resetPassword;","\tfunction _resetPassword(credentials, fn, auth) {","\t   var email = credentials.email;","","\t   return auth.sendPasswordResetEmail(email).then(function () {","\t      return fn(null);","\t   }).catch(function (error) {","\t      return fn(error);","\t   });","\t};","","/***/ },","/* 15 */","/***/ function(module, exports) {","","\t\"use strict\";","","\tObject.defineProperty(exports, \"__esModule\", {","\t  value: true","\t});","\texports.default = _createUser;","\tfunction _createUser(credentials, fn, auth) {","\t  var email = credentials.email,","\t      password = credentials.password;","","\t  return auth.createUserWithEmailAndPassword(email, password).then(function (authData) {","\t    return fn(null, authData);","\t  }).catch(function (err) {","\t    return fn(err);","\t  });","\t};","","/***/ },","/* 16 */","/***/ function(module, exports) {","","\t\"use strict\";","","\tObject.defineProperty(exports, \"__esModule\", {","\t  value: true","\t});","\texports.default = _authWithPassword;","\tfunction _authWithPassword(credentials, fn, auth) {","\t  var email = credentials.email,","\t      password = credentials.password;","","\t  return auth.signInWithEmailAndPassword(email, password).then(function (authData) {","\t    return fn(null, authData);","\t  }).catch(function (err) {","\t    return fn(err);","\t  });","\t}","","/***/ },","/* 17 */","/***/ function(module, exports) {","","\t\"use strict\";","","\tObject.defineProperty(exports, \"__esModule\", {","\t  value: true","\t});","\texports.default = _authWithCustomToken;","\tfunction _authWithCustomToken(token, fn, auth) {","\t  return auth.signInWithCustomToken(token).then(function (user) {","\t    return fn(null, user);","\t  }).catch(function (error) {","\t    return fn(error);","\t  });","\t}","","/***/ },","/* 18 */","/***/ function(module, exports, __webpack_require__) {","","\t'use strict';","","\tObject.defineProperty(exports, \"__esModule\", {","\t    value: true","\t});","\texports.default = _authWithOAuthPopup;","","\tvar _getAuthProvider2 = __webpack_require__(19);","","\tvar _getAuthProvider3 = _interopRequireDefault(_getAuthProvider2);","","\tfunction _interopRequireDefault(obj) { return obj && obj.__esModule ? obj : { default: obj }; }","","\tfunction _authWithOAuthPopup(provider, fn, settings, auth) {","\t    settings = settings || {};","\t    var authProvider = (0, _getAuthProvider3.default)(provider, settings);","\t    return auth.signInWithPopup(authProvider).then(function (authData) {","\t        return fn(null, authData);","\t    }).catch(function (error) {","\t        return fn(error);","\t    });","\t}","","/***/ },","/* 19 */","/***/ function(module, exports, __webpack_require__) {","","\t'use strict';","","\tObject.defineProperty(exports, \"__esModule\", {","\t  value: true","\t});","\texports.default = _getAuthProvider;","","\tvar _utils = __webpack_require__(3);","","\tvar _firebase = __webpack_require__(2);","","\tfunction _getFacebookProvider(settings) {","\t  var provider = new _firebase.auth.FacebookAuthProvider();","\t  if (settings.scope) {","\t    provider = (0, _utils._addScope)(settings.scope, provider);","\t  }","\t  return provider;","\t}","","\tfunction _getTwitterProvider() {","\t  return new _firebase.auth.TwitterAuthProvider();","\t}","","\tfunction _getGithubProvider(settings) {","\t  var provider = new _firebase.auth.GithubAuthProvider();","\t  if (settings.scope) {","\t    provider = (0, _utils._addScope)(settings.scope, provider);","\t  }","\t  return provider;","\t};","","\tfunction _getGoogleProvider(settings) {","\t  var provider = new _firebase.auth.GoogleAuthProvider();","\t  if (settings.scope) {","\t    provider = (0, _utils._addScope)(settings.scope, provider);","\t  }","\t  return provider;","\t};","","\tfunction _getAuthProvider(service, settings) {","\t  switch (service) {","\t    case 'twitter':","\t      return _getTwitterProvider();","\t      break;","\t    case 'google':","\t      return _getGoogleProvider(settings);","\t      break;","\t    case 'facebook':","\t      return _getFacebookProvider(settings);","\t      break;","\t    case 'github':","\t      return _getGithubProvider(settings);","\t      break;","\t    default:","\t      (0, _utils._throwError)('Expected auth provider requested. Available auth providers: facebook,twitter,github, google', 'UNKNOWN AUTH PROVIDER');","\t      break;","\t  }","\t};","","/***/ },","/* 20 */","/***/ function(module, exports) {","","\t\"use strict\";","","\tObject.defineProperty(exports, \"__esModule\", {","\t    value: true","\t});","\texports.default = _getOAuthRedirectResult;","\tfunction _getOAuthRedirectResult(fn, auth) {","\t    return auth.getRedirectResult().then(function (user) {","\t        return fn(null, user);","\t    }).catch(function (error) {","\t        return fn(error);","\t    });","\t}","","/***/ },","/* 21 */","/***/ function(module, exports, __webpack_require__) {","","\t'use strict';","","\tObject.defineProperty(exports, \"__esModule\", {","\t    value: true","\t});","\texports.default = _authWithOAuthToken;","","\tvar _getAuthProvider2 = __webpack_require__(19);","","\tvar _getAuthProvider3 = _interopRequireDefault(_getAuthProvider2);","","\tfunction _interopRequireDefault(obj) { return obj && obj.__esModule ? obj : { default: obj }; }","","\tfunction _toConsumableArray(arr) { if (Array.isArray(arr)) { for (var i = 0, arr2 = Array(arr.length); i < arr.length; i++) { arr2[i] = arr[i]; } return arr2; } else { return Array.from(arr); } }","","\tfunction _authWithOAuthToken(provider, token, fn, settings, auth) {","\t    settings = settings || {};","\t    var authProvider = (0, _getAuthProvider3.default)(provider, settings);","\t    var credential = authProvider.credential.apply(authProvider, [token].concat(_toConsumableArray(settings.providerOptions)));","\t    return auth.signInWithCredential(credential).then(function (authData) {","\t        return fn(null, authData);","\t    }).catch(function (error) {","\t        return fn(error);","\t    });","\t}","","/***/ },","/* 22 */","/***/ function(module, exports, __webpack_require__) {","","\t'use strict';","","\tObject.defineProperty(exports, \"__esModule\", {","\t    value: true","\t});","\texports.default = _authWithOAuthRedirect;","","\tvar _getAuthProvider2 = __webpack_require__(19);","","\tvar _getAuthProvider3 = _interopRequireDefault(_getAuthProvider2);","","\tfunction _interopRequireDefault(obj) { return obj && obj.__esModule ? obj : { default: obj }; }","","\tfunction _authWithOAuthRedirect(provider, fn, settings, auth) {","\t    settings = settings || {};","\t    var authProvider = (0, _getAuthProvider3.default)(provider, settings);","\t    return auth.signInWithRedirect(authProvider).then(function () {","\t        return fn(null);","\t    }).catch(function (error) {","\t        return fn(error);","\t    });","\t}","","/***/ },","/* 23 */","/***/ function(module, exports) {","","\t\"use strict\";","","\tObject.defineProperty(exports, \"__esModule\", {","\t  value: true","\t});","\texports.default = _onAuth;","\tfunction _onAuth(fn, auth) {","\t  return auth.onAuthStateChanged(fn);","\t}","","/***/ },","/* 24 */","/***/ function(module, exports) {","","\t\"use strict\";","","\tObject.defineProperty(exports, \"__esModule\", {","\t  value: true","\t});","\texports.default = _unauth;","\tfunction _unauth(auth) {","\t  return auth.signOut();","\t}","","/***/ },","/* 25 */","/***/ function(module, exports) {","","\t\"use strict\";","","\tObject.defineProperty(exports, \"__esModule\", {","\t  value: true","\t});","\texports.default = _getAuth;","\tfunction _getAuth(auth) {","\t  return auth.currentUser;","\t}","","/***/ }","/******/ ])","});",";"],"l":{"1":1,"2":1,"3":1,"4":0,"5":0,"7":0,"8":0,"11":1,"13":1,"16":1,"19":44,"20":18,"23":26,"30":26,"33":26,"36":26,"41":1,"44":1,"47":1,"50":1,"57":1,"66":1,"68":1,"70":1,"72":1,"74":1,"76":1,"78":1,"80":1,"82":1,"84":1,"86":1,"88":1,"90":1,"92":1,"94":1,"96":1,"98":1,"100":1,"102":1,"104":1,"106":1,"108":1,"110":1,"112":1,"114":1,"116":1,"118":1,"120":1,"122":1,"124":1,"126":1,"128":1,"130":1,"132":1,"134":1,"136":1,"138":1,"140":1,"142":1,"144":1,"146":1,"148":1,"150":1,"152":1,"154":21,"160":1,"162":1,"164":1,"165":0,"166":0,"167":0,"168":0,"170":0,"179":0,"187":0,"194":0,"202":0,"205":0,"208":0,"213":0,"216":0,"223":0,"226":0,"233":0,"236":0,"239":0,"242":0,"245":0,"248":0,"251":0,"254":0,"257":0,"260":0,"263":0,"266":0,"268":0,"269":0,"270":0,"271":0,"272":0,"274":0,"282":1,"284":0,"286":0,"287":0,"289":0,"290":0,"292":0,"293":0,"307":1,"315":1,"319":1,"321":1,"322":0,"325":1,"326":0,"327":0,"328":0,"329":0,"330":0,"332":0,"334":0,"337":1,"338":0,"339":0,"343":0,"344":0,"345":0,"346":0,"347":0,"350":1,"351":0,"352":0,"353":0,"356":1,"357":0,"358":0,"359":0,"362":1,"363":0,"366":1,"367":0,"370":1,"371":0,"379":0,"380":0,"381":0,"382":0,"384":0,"388":0,"391":1,"392":0,"393":0,"394":0,"395":0,"396":0,"397":0,"398":0,"400":0,"403":1,"404":0,"405":0,"406":0,"409":0,"411":0,"414":1,"415":0,"418":1,"419":0,"420":0,"424":1,"425":0,"426":0,"427":0,"429":0,"430":0,"431":0,"432":0,"436":0,"439":1,"440":0,"441":0,"443":0,"444":0,"446":0,"450":0,"454":1,"455":0,"456":0,"457":0,"458":0,"459":0,"460":0,"461":0,"462":0,"463":0,"464":0,"466":0,"467":0,"468":0,"469":0,"470":0,"471":0,"477":1,"478":1,"479":1,"480":1,"481":1,"482":1,"483":1,"484":1,"485":1,"486":1,"487":1,"488":1,"489":1,"497":1,"500":1,"502":1,"504":1,"506":1,"508":0,"509":0,"513":0,"514":0,"515":0,"519":0,"520":0,"521":0,"525":0,"526":0,"527":0,"531":0,"532":0,"533":0,"537":0,"538":0,"539":0,"540":0,"541":0,"542":0,"547":0,"548":0,"549":0,"553":0,"557":1,"558":0,"559":0,"560":0,"561":0,"562":0,"563":0,"564":0,"565":0,"566":0,"567":0,"570":0,"571":0,"575":1,"576":0,"577":0,"578":0,"579":0,"580":0,"581":0,"584":0,"585":0,"589":1,"590":1,"591":1,"599":1,"602":1,"604":1,"606":1,"608":1,"610":1,"612":1,"613":0,"614":0,"615":0,"616":0,"617":0,"618":0,"620":0,"622":0,"631":1,"634":1,"636":1,"638":1,"640":1,"642":1,"643":0,"644":0,"645":0,"646":0,"647":0,"648":0,"649":0,"650":0,"651":0,"652":0,"654":0,"657":0,"658":0,"660":0,"671":1,"674":1,"676":1,"678":1,"680":1,"681":0,"682":0,"683":0,"684":0,"685":0,"687":0,"697":1,"700":1,"702":1,"704":1,"706":1,"707":0,"708":0,"709":0,"710":0,"711":0,"712":0,"713":0,"714":0,"717":0,"718":0,"719":0,"721":0,"723":0,"724":0,"725":0,"726":0,"728":0,"733":0,"735":0,"736":0,"738":0,"739":0,"741":0,"742":0,"747":0,"748":0,"749":0,"752":0,"753":0,"754":0,"755":0,"757":0,"758":0,"759":0,"763":0,"772":1,"775":1,"777":1,"779":1,"781":1,"782":0,"783":0,"784":0,"785":0,"786":0,"787":0,"788":0,"790":0,"791":0,"792":0,"793":0,"794":0,"803":1,"806":1,"808":1,"810":1,"811":0,"812":0,"813":0,"814":0,"815":0,"817":0,"827":1,"830":1,"831":1,"832":0,"833":0,"835":0,"836":0,"837":0,"838":0,"847":1,"850":1,"852":1,"854":1,"855":0,"859":0,"863":0,"864":0,"865":0,"866":0,"867":0,"869":0,"870":0,"871":0,"872":0,"873":0,"874":0,"875":0,"877":0,"878":0,"879":0,"890":1,"894":1,"895":0,"904":1,"907":1,"908":1,"909":0,"911":0,"912":0,"914":0,"924":1,"927":1,"928":1,"929":0,"932":0,"933":0,"935":0,"945":1,"948":1,"949":1,"950":0,"953":0,"954":0,"956":0,"966":1,"969":1,"970":1,"971":0,"972":0,"974":0,"984":1,"987":1,"989":1,"991":1,"993":1,"995":1,"996":0,"997":0,"998":0,"999":0,"1001":0,"1011":1,"1014":1,"1016":1,"1018":1,"1020":1,"1021":0,"1022":0,"1023":0,"1025":0,"1028":1,"1029":0,"1032":1,"1033":0,"1034":0,"1035":0,"1037":0,"1040":1,"1041":0,"1042":0,"1043":0,"1045":0,"1048":1,"1049":0,"1051":0,"1052":0,"1054":0,"1055":0,"1057":0,"1058":0,"1060":0,"1061":0,"1063":0,"1064":0,"1074":1,"1077":1,"1078":1,"1079":0,"1080":0,"1082":0,"1092":1,"1095":1,"1097":1,"1099":1,"1101":1,"1103":1,"1105":1,"1106":0,"1107":0,"1108":0,"1109":0,"1110":0,"1112":0,"1122":1,"1125":1,"1127":1,"1129":1,"1131":1,"1133":1,"1134":0,"1135":0,"1136":0,"1137":0,"1139":0,"1149":1,"1152":1,"1153":1,"1154":0,"1163":1,"1166":1,"1167":1,"1168":0,"1177":1,"1180":1,"1181":1,"1182":0}},"/home/travis/build/npmtest/node-npmtest-re-base/node_modules/re-base/webpack.config.js":{"path":"/home/travis/build/npmtest/node-npmtest-re-base/node_modules/re-base/webpack.config.js","s":{"1":1},"b":{},"f":{},"fnMap":{},"statementMap":{"1":{"start":{"line":1,"column":0},"end":{"line":28,"column":2}}},"branchMap":{},"code":["module.exports = {","  entry: ['./src/rebase.js'],","  output: {","    filename: \"dist/bundle.js\",","    libraryTarget: 'umd'","  },","  externals: [{","    'firebase': {","      root: 'Firebase',","      commonjs2: 'firebase',","      commonjs: 'firebase',","      amd: 'firebase'","    }","  }],","  module: {","    loaders: [","      {","        test: /\\.js$/,","        loader: 'babel',","        exclude: /node_modules/,","        query: {","          cacheDirectory: true,","          presets: ['es2015']","        }","      }","    ]","  }","};",""],"l":{"1":1}}}